2022-10-10 00:01:51.087 DEBUG  -io.netty.util.internal.logging.InternalLoggerFactory.useLog4J2LoggerFactory(InternalLoggerFactory.java:76) io.netty.util.internal.logging.InternalLoggerFactory - Using Log4J2 as the default logging framework
2022-10-10 00:01:51.134 DEBUG  -io.netty.util.ResourceLeakDetector.<clinit>(ResourceLeakDetector.java:129) io.netty.util.ResourceLeakDetector - -Dio.netty.leakDetection.level: simple
2022-10-10 00:01:51.137 DEBUG  -io.netty.util.ResourceLeakDetector.<clinit>(ResourceLeakDetector.java:130) io.netty.util.ResourceLeakDetector - -Dio.netty.leakDetection.targetRecords: 4
2022-10-10 00:01:51.150 DEBUG  -io.netty.util.ResourceLeakDetectorFactory$DefaultResourceLeakDetectorFactory.newResourceLeakDetector(ResourceLeakDetectorFactory.java:196) io.netty.util.ResourceLeakDetectorFactory - Loaded default ResourceLeakDetector: io.netty.util.ResourceLeakDetector@2fc40856
2022-10-10 00:01:51.250 DEBUG  -io.netty.util.internal.PlatformDependent0.explicitNoUnsafeCause0(PlatformDependent0.java:495) io.netty.util.internal.PlatformDependent0 - -Dio.netty.noUnsafe: false
2022-10-10 00:01:51.250 DEBUG  -io.netty.util.internal.PlatformDependent0.javaVersion0(PlatformDependent0.java:998) io.netty.util.internal.PlatformDependent0 - Java version: 16
2022-10-10 00:01:51.254 DEBUG  -io.netty.util.internal.PlatformDependent0.<clinit>(PlatformDependent0.java:136) io.netty.util.internal.PlatformDependent0 - sun.misc.Unsafe.theUnsafe: available
2022-10-10 00:01:51.256 DEBUG  -io.netty.util.internal.PlatformDependent0.<clinit>(PlatformDependent0.java:160) io.netty.util.internal.PlatformDependent0 - sun.misc.Unsafe.copyMemory: available
2022-10-10 00:01:51.258 DEBUG  -io.netty.util.internal.PlatformDependent0.<clinit>(PlatformDependent0.java:192) io.netty.util.internal.PlatformDependent0 - sun.misc.Unsafe.storeFence: available
2022-10-10 00:01:51.262 DEBUG  -io.netty.util.internal.PlatformDependent0.<clinit>(PlatformDependent0.java:235) io.netty.util.internal.PlatformDependent0 - java.nio.Buffer.address: available
2022-10-10 00:01:51.266 DEBUG  -io.netty.util.internal.PlatformDependent0.<clinit>(PlatformDependent0.java:316) io.netty.util.internal.PlatformDependent0 - direct buffer constructor: unavailable
java.lang.UnsupportedOperationException: Reflective setAccessible(true) disabled
	at io.netty.util.internal.ReflectionUtil.trySetAccessible(ReflectionUtil.java:31) ~[netty-common-4.1.79.Final.jar:4.1.79.Final]
	at io.netty.util.internal.PlatformDependent0$5.run(PlatformDependent0.java:287) ~[netty-common-4.1.79.Final.jar:4.1.79.Final]
	at java.security.AccessController.doPrivileged(AccessController.java:312) ~[?:?]
	at io.netty.util.internal.PlatformDependent0.<clinit>(PlatformDependent0.java:281) ~[netty-common-4.1.79.Final.jar:4.1.79.Final]
	at io.netty.util.internal.PlatformDependent.isAndroid(PlatformDependent.java:333) ~[netty-common-4.1.79.Final.jar:4.1.79.Final]
	at io.netty.util.internal.PlatformDependent.<clinit>(PlatformDependent.java:88) ~[netty-common-4.1.79.Final.jar:4.1.79.Final]
	at io.netty.util.HashedWheelTimer.<init>(HashedWheelTimer.java:114) ~[netty-common-4.1.79.Final.jar:4.1.79.Final]
	at io.netty.util.HashedWheelTimer.<init>(HashedWheelTimer.java:251) ~[netty-common-4.1.79.Final.jar:4.1.79.Final]
	at io.netty.util.HashedWheelTimer.<init>(HashedWheelTimer.java:224) ~[netty-common-4.1.79.Final.jar:4.1.79.Final]
	at io.netty.util.HashedWheelTimer.<init>(HashedWheelTimer.java:203) ~[netty-common-4.1.79.Final.jar:4.1.79.Final]
	at org.asynchttpclient.DefaultAsyncHttpClient.newNettyTimer(DefaultAsyncHttpClient.java:111) ~[async-http-client-2.12.3.jar:?]
	at org.asynchttpclient.DefaultAsyncHttpClient.<init>(DefaultAsyncHttpClient.java:90) ~[async-http-client-2.12.3.jar:?]
	at org.asynchttpclient.Dsl.asyncHttpClient(Dsl.java:32) ~[async-http-client-2.12.3.jar:?]
	at org.openqa.selenium.remote.http.netty.NettyClient.createHttpClient(NettyClient.java:94) ~[selenium-remote-driver-4.5.0.jar:?]
	at org.openqa.selenium.remote.http.netty.NettyClient.<clinit>(NettyClient.java:47) ~[selenium-remote-driver-4.5.0.jar:?]
	at org.openqa.selenium.remote.http.netty.NettyClient$Factory.createClient(NettyClient.java:135) ~[selenium-remote-driver-4.5.0.jar:?]
	at org.openqa.selenium.remote.HttpCommandExecutor.<init>(HttpCommandExecutor.java:107) ~[selenium-remote-driver-4.5.0.jar:?]
	at org.openqa.selenium.remote.HttpCommandExecutor.<init>(HttpCommandExecutor.java:94) ~[selenium-remote-driver-4.5.0.jar:?]
	at org.openqa.selenium.remote.HttpCommandExecutor.<init>(HttpCommandExecutor.java:85) ~[selenium-remote-driver-4.5.0.jar:?]
	at org.openqa.selenium.remote.service.DriverCommandExecutor.<init>(DriverCommandExecutor.java:80) ~[selenium-remote-driver-4.5.0.jar:?]
	at org.openqa.selenium.chromium.ChromiumDriverCommandExecutor.<init>(ChromiumDriverCommandExecutor.java:35) ~[selenium-chromium-driver-4.5.0.jar:?]
	at org.openqa.selenium.chrome.ChromeDriver$ChromeDriverCommandExecutor.<init>(ChromeDriver.java:93) ~[selenium-chrome-driver-4.5.0.jar:?]
	at org.openqa.selenium.chrome.ChromeDriver.<init>(ChromeDriver.java:81) ~[selenium-chrome-driver-4.5.0.jar:?]
	at org.openqa.selenium.chrome.ChromeDriver.<init>(ChromeDriver.java:49) ~[selenium-chrome-driver-4.5.0.jar:?]
	at jdk.internal.reflect.NativeConstructorAccessorImpl.newInstance0(Native Method) ~[?:?]
	at jdk.internal.reflect.NativeConstructorAccessorImpl.newInstance(NativeConstructorAccessorImpl.java:78) ~[?:?]
	at jdk.internal.reflect.DelegatingConstructorAccessorImpl.newInstance(DelegatingConstructorAccessorImpl.java:45) ~[?:?]
	at java.lang.reflect.Constructor.newInstanceWithCaller(Constructor.java:499) ~[?:?]
	at java.lang.reflect.Constructor.newInstance(Constructor.java:480) ~[?:?]
	at io.github.bonigarcia.wdm.webdriver.WebDriverCreator.createLocalWebDriver(WebDriverCreator.java:64) ~[webdrivermanager-5.3.0.jar:?]
	at io.github.bonigarcia.wdm.WebDriverManager.createLocalWebDriver(WebDriverManager.java:1948) ~[webdrivermanager-5.3.0.jar:?]
	at io.github.bonigarcia.wdm.WebDriverManager.instantiateDriver(WebDriverManager.java:1763) ~[webdrivermanager-5.3.0.jar:?]
	at io.github.bonigarcia.wdm.WebDriverManager.create(WebDriverManager.java:424) ~[webdrivermanager-5.3.0.jar:?]
	at com.challenge.config.ConfigPage.setup(ConfigPage.java:32) ~[classes/:?]
	at com.challenge.process.SignUpProcess.visitWebPage(SignUpProcess.java:26) ~[classes/:?]
	at com.challenge.test.defs.SignUpUserTest.a_user_visits_the_webpage(SignUpUserTest.java:15) ~[test-classes/:?]
	at jdk.internal.reflect.NativeMethodAccessorImpl.invoke0(Native Method) ~[?:?]
	at jdk.internal.reflect.NativeMethodAccessorImpl.invoke(NativeMethodAccessorImpl.java:78) ~[?:?]
	at jdk.internal.reflect.DelegatingMethodAccessorImpl.invoke(DelegatingMethodAccessorImpl.java:43) ~[?:?]
	at java.lang.reflect.Method.invoke(Method.java:567) ~[?:?]
	at io.cucumber.java.Invoker.doInvoke(Invoker.java:66) ~[cucumber-java-7.8.1.jar:7.8.1]
	at io.cucumber.java.Invoker.invoke(Invoker.java:24) ~[cucumber-java-7.8.1.jar:7.8.1]
	at io.cucumber.java.AbstractGlueDefinition.invokeMethod(AbstractGlueDefinition.java:47) ~[cucumber-java-7.8.1.jar:7.8.1]
	at io.cucumber.java.JavaStepDefinition.execute(JavaStepDefinition.java:29) ~[cucumber-java-7.8.1.jar:7.8.1]
	at io.cucumber.core.runner.CoreStepDefinition.execute(CoreStepDefinition.java:66) ~[cucumber-core-7.8.1.jar:7.8.1]
	at io.cucumber.core.runner.PickleStepDefinitionMatch.runStep(PickleStepDefinitionMatch.java:63) ~[cucumber-core-7.8.1.jar:7.8.1]
	at io.cucumber.core.runner.ExecutionMode$1.execute(ExecutionMode.java:10) ~[cucumber-core-7.8.1.jar:7.8.1]
	at io.cucumber.core.runner.TestStep.executeStep(TestStep.java:85) ~[cucumber-core-7.8.1.jar:7.8.1]
	at io.cucumber.core.runner.TestStep.run(TestStep.java:57) ~[cucumber-core-7.8.1.jar:7.8.1]
	at io.cucumber.core.runner.PickleStepTestStep.run(PickleStepTestStep.java:51) ~[cucumber-core-7.8.1.jar:7.8.1]
	at io.cucumber.core.runner.TestCase.run(TestCase.java:84) ~[cucumber-core-7.8.1.jar:7.8.1]
	at io.cucumber.core.runner.Runner.runPickle(Runner.java:75) ~[cucumber-core-7.8.1.jar:7.8.1]
	at io.cucumber.testng.TestNGCucumberRunner.lambda$runScenario$1(TestNGCucumberRunner.java:132) ~[cucumber-testng-7.8.1.jar:7.8.1]
	at io.cucumber.core.runtime.CucumberExecutionContext.lambda$runTestCase$5(CucumberExecutionContext.java:129) ~[cucumber-core-7.8.1.jar:7.8.1]
	at io.cucumber.core.runtime.RethrowingThrowableCollector.executeAndThrow(RethrowingThrowableCollector.java:23) ~[cucumber-core-7.8.1.jar:7.8.1]
	at io.cucumber.core.runtime.CucumberExecutionContext.runTestCase(CucumberExecutionContext.java:129) ~[cucumber-core-7.8.1.jar:7.8.1]
	at io.cucumber.testng.TestNGCucumberRunner.runScenario(TestNGCucumberRunner.java:129) ~[cucumber-testng-7.8.1.jar:7.8.1]
	at io.cucumber.testng.AbstractTestNGCucumberTests.runScenario(AbstractTestNGCucumberTests.java:35) ~[cucumber-testng-7.8.1.jar:7.8.1]
	at jdk.internal.reflect.NativeMethodAccessorImpl.invoke0(Native Method) ~[?:?]
	at jdk.internal.reflect.NativeMethodAccessorImpl.invoke(NativeMethodAccessorImpl.java:78) ~[?:?]
	at jdk.internal.reflect.DelegatingMethodAccessorImpl.invoke(DelegatingMethodAccessorImpl.java:43) ~[?:?]
	at java.lang.reflect.Method.invoke(Method.java:567) ~[?:?]
	at org.testng.internal.invokers.MethodInvocationHelper.invokeMethod(MethodInvocationHelper.java:139) ~[testng-7.6.1.jar:7.6.1]
	at org.testng.internal.invokers.TestInvoker.invokeMethod(TestInvoker.java:677) ~[testng-7.6.1.jar:7.6.1]
	at org.testng.internal.invokers.TestInvoker.invokeTestMethod(TestInvoker.java:221) ~[testng-7.6.1.jar:7.6.1]
	at org.testng.internal.invokers.MethodRunner.runInSequence(MethodRunner.java:50) ~[testng-7.6.1.jar:7.6.1]
	at org.testng.internal.invokers.TestInvoker$MethodInvocationAgent.invoke(TestInvoker.java:962) ~[testng-7.6.1.jar:7.6.1]
	at org.testng.internal.invokers.TestInvoker.invokeTestMethods(TestInvoker.java:194) ~[testng-7.6.1.jar:7.6.1]
	at org.testng.internal.invokers.TestMethodWorker.invokeTestMethods(TestMethodWorker.java:148) ~[testng-7.6.1.jar:7.6.1]
	at org.testng.internal.invokers.TestMethodWorker.run(TestMethodWorker.java:128) ~[testng-7.6.1.jar:7.6.1]
	at java.util.ArrayList.forEach(ArrayList.java:1511) ~[?:?]
	at org.testng.TestRunner.privateRun(TestRunner.java:806) ~[testng-7.6.1.jar:7.6.1]
	at org.testng.TestRunner.run(TestRunner.java:601) ~[testng-7.6.1.jar:7.6.1]
	at org.testng.SuiteRunner.runTest(SuiteRunner.java:433) ~[testng-7.6.1.jar:7.6.1]
	at org.testng.SuiteRunner.runSequentially(SuiteRunner.java:427) ~[testng-7.6.1.jar:7.6.1]
	at org.testng.SuiteRunner.privateRun(SuiteRunner.java:387) ~[testng-7.6.1.jar:7.6.1]
	at org.testng.SuiteRunner.run(SuiteRunner.java:330) ~[testng-7.6.1.jar:7.6.1]
	at org.testng.SuiteRunnerWorker.runSuite(SuiteRunnerWorker.java:52) ~[testng-7.6.1.jar:7.6.1]
	at org.testng.SuiteRunnerWorker.run(SuiteRunnerWorker.java:95) ~[testng-7.6.1.jar:7.6.1]
	at org.testng.TestNG.runSuitesSequentially(TestNG.java:1256) ~[testng-7.6.1.jar:7.6.1]
	at org.testng.TestNG.runSuitesLocally(TestNG.java:1176) ~[testng-7.6.1.jar:7.6.1]
	at org.testng.TestNG.runSuites(TestNG.java:1099) ~[testng-7.6.1.jar:7.6.1]
	at org.testng.TestNG.run(TestNG.java:1067) ~[testng-7.6.1.jar:7.6.1]
	at org.apache.maven.surefire.testng.TestNGExecutor.run(TestNGExecutor.java:281) ~[surefire-testng-2.19.1.jar:2.19.1]
	at org.apache.maven.surefire.testng.TestNGXmlTestSuite.execute(TestNGXmlTestSuite.java:75) ~[surefire-testng-2.19.1.jar:2.19.1]
	at org.apache.maven.surefire.testng.TestNGProvider.invoke(TestNGProvider.java:121) ~[surefire-testng-2.19.1.jar:2.19.1]
	at org.apache.maven.surefire.booter.ForkedBooter.invokeProviderInSameClassLoader(ForkedBooter.java:290) ~[surefire-booter-2.19.1.jar:2.19.1]
	at org.apache.maven.surefire.booter.ForkedBooter.runSuitesInProcess(ForkedBooter.java:242) ~[surefire-booter-2.19.1.jar:2.19.1]
	at org.apache.maven.surefire.booter.ForkedBooter.main(ForkedBooter.java:121) ~[surefire-booter-2.19.1.jar:2.19.1]
2022-10-10 00:01:51.299 DEBUG  -io.netty.util.internal.PlatformDependent0.<clinit>(PlatformDependent0.java:384) io.netty.util.internal.PlatformDependent0 - java.nio.Bits.unaligned: available, true
2022-10-10 00:01:51.303 DEBUG  -io.netty.util.internal.PlatformDependent0.<clinit>(PlatformDependent0.java:448) io.netty.util.internal.PlatformDependent0 - jdk.internal.misc.Unsafe.allocateUninitializedArray(int): unavailable
java.lang.IllegalAccessException: class io.netty.util.internal.PlatformDependent0$7 cannot access class jdk.internal.misc.Unsafe (in module java.base) because module java.base does not export jdk.internal.misc to unnamed module @483bf400
	at jdk.internal.reflect.Reflection.newIllegalAccessException(Reflection.java:385) ~[?:?]
	at java.lang.reflect.AccessibleObject.checkAccess(AccessibleObject.java:687) ~[?:?]
	at java.lang.reflect.Method.invoke(Method.java:559) ~[?:?]
	at io.netty.util.internal.PlatformDependent0$7.run(PlatformDependent0.java:409) ~[netty-common-4.1.79.Final.jar:4.1.79.Final]
	at java.security.AccessController.doPrivileged(AccessController.java:312) ~[?:?]
	at io.netty.util.internal.PlatformDependent0.<clinit>(PlatformDependent0.java:400) ~[netty-common-4.1.79.Final.jar:4.1.79.Final]
	at io.netty.util.internal.PlatformDependent.isAndroid(PlatformDependent.java:333) ~[netty-common-4.1.79.Final.jar:4.1.79.Final]
	at io.netty.util.internal.PlatformDependent.<clinit>(PlatformDependent.java:88) ~[netty-common-4.1.79.Final.jar:4.1.79.Final]
	at io.netty.util.HashedWheelTimer.<init>(HashedWheelTimer.java:114) ~[netty-common-4.1.79.Final.jar:4.1.79.Final]
	at io.netty.util.HashedWheelTimer.<init>(HashedWheelTimer.java:251) ~[netty-common-4.1.79.Final.jar:4.1.79.Final]
	at io.netty.util.HashedWheelTimer.<init>(HashedWheelTimer.java:224) ~[netty-common-4.1.79.Final.jar:4.1.79.Final]
	at io.netty.util.HashedWheelTimer.<init>(HashedWheelTimer.java:203) ~[netty-common-4.1.79.Final.jar:4.1.79.Final]
	at org.asynchttpclient.DefaultAsyncHttpClient.newNettyTimer(DefaultAsyncHttpClient.java:111) ~[async-http-client-2.12.3.jar:?]
	at org.asynchttpclient.DefaultAsyncHttpClient.<init>(DefaultAsyncHttpClient.java:90) ~[async-http-client-2.12.3.jar:?]
	at org.asynchttpclient.Dsl.asyncHttpClient(Dsl.java:32) ~[async-http-client-2.12.3.jar:?]
	at org.openqa.selenium.remote.http.netty.NettyClient.createHttpClient(NettyClient.java:94) ~[selenium-remote-driver-4.5.0.jar:?]
	at org.openqa.selenium.remote.http.netty.NettyClient.<clinit>(NettyClient.java:47) ~[selenium-remote-driver-4.5.0.jar:?]
	at org.openqa.selenium.remote.http.netty.NettyClient$Factory.createClient(NettyClient.java:135) ~[selenium-remote-driver-4.5.0.jar:?]
	at org.openqa.selenium.remote.HttpCommandExecutor.<init>(HttpCommandExecutor.java:107) ~[selenium-remote-driver-4.5.0.jar:?]
	at org.openqa.selenium.remote.HttpCommandExecutor.<init>(HttpCommandExecutor.java:94) ~[selenium-remote-driver-4.5.0.jar:?]
	at org.openqa.selenium.remote.HttpCommandExecutor.<init>(HttpCommandExecutor.java:85) ~[selenium-remote-driver-4.5.0.jar:?]
	at org.openqa.selenium.remote.service.DriverCommandExecutor.<init>(DriverCommandExecutor.java:80) ~[selenium-remote-driver-4.5.0.jar:?]
	at org.openqa.selenium.chromium.ChromiumDriverCommandExecutor.<init>(ChromiumDriverCommandExecutor.java:35) ~[selenium-chromium-driver-4.5.0.jar:?]
	at org.openqa.selenium.chrome.ChromeDriver$ChromeDriverCommandExecutor.<init>(ChromeDriver.java:93) ~[selenium-chrome-driver-4.5.0.jar:?]
	at org.openqa.selenium.chrome.ChromeDriver.<init>(ChromeDriver.java:81) ~[selenium-chrome-driver-4.5.0.jar:?]
	at org.openqa.selenium.chrome.ChromeDriver.<init>(ChromeDriver.java:49) ~[selenium-chrome-driver-4.5.0.jar:?]
	at jdk.internal.reflect.NativeConstructorAccessorImpl.newInstance0(Native Method) ~[?:?]
	at jdk.internal.reflect.NativeConstructorAccessorImpl.newInstance(NativeConstructorAccessorImpl.java:78) ~[?:?]
	at jdk.internal.reflect.DelegatingConstructorAccessorImpl.newInstance(DelegatingConstructorAccessorImpl.java:45) ~[?:?]
	at java.lang.reflect.Constructor.newInstanceWithCaller(Constructor.java:499) ~[?:?]
	at java.lang.reflect.Constructor.newInstance(Constructor.java:480) ~[?:?]
	at io.github.bonigarcia.wdm.webdriver.WebDriverCreator.createLocalWebDriver(WebDriverCreator.java:64) ~[webdrivermanager-5.3.0.jar:?]
	at io.github.bonigarcia.wdm.WebDriverManager.createLocalWebDriver(WebDriverManager.java:1948) ~[webdrivermanager-5.3.0.jar:?]
	at io.github.bonigarcia.wdm.WebDriverManager.instantiateDriver(WebDriverManager.java:1763) ~[webdrivermanager-5.3.0.jar:?]
	at io.github.bonigarcia.wdm.WebDriverManager.create(WebDriverManager.java:424) ~[webdrivermanager-5.3.0.jar:?]
	at com.challenge.config.ConfigPage.setup(ConfigPage.java:32) ~[classes/:?]
	at com.challenge.process.SignUpProcess.visitWebPage(SignUpProcess.java:26) ~[classes/:?]
	at com.challenge.test.defs.SignUpUserTest.a_user_visits_the_webpage(SignUpUserTest.java:15) ~[test-classes/:?]
	at jdk.internal.reflect.NativeMethodAccessorImpl.invoke0(Native Method) ~[?:?]
	at jdk.internal.reflect.NativeMethodAccessorImpl.invoke(NativeMethodAccessorImpl.java:78) ~[?:?]
	at jdk.internal.reflect.DelegatingMethodAccessorImpl.invoke(DelegatingMethodAccessorImpl.java:43) ~[?:?]
	at java.lang.reflect.Method.invoke(Method.java:567) ~[?:?]
	at io.cucumber.java.Invoker.doInvoke(Invoker.java:66) ~[cucumber-java-7.8.1.jar:7.8.1]
	at io.cucumber.java.Invoker.invoke(Invoker.java:24) ~[cucumber-java-7.8.1.jar:7.8.1]
	at io.cucumber.java.AbstractGlueDefinition.invokeMethod(AbstractGlueDefinition.java:47) ~[cucumber-java-7.8.1.jar:7.8.1]
	at io.cucumber.java.JavaStepDefinition.execute(JavaStepDefinition.java:29) ~[cucumber-java-7.8.1.jar:7.8.1]
	at io.cucumber.core.runner.CoreStepDefinition.execute(CoreStepDefinition.java:66) ~[cucumber-core-7.8.1.jar:7.8.1]
	at io.cucumber.core.runner.PickleStepDefinitionMatch.runStep(PickleStepDefinitionMatch.java:63) ~[cucumber-core-7.8.1.jar:7.8.1]
	at io.cucumber.core.runner.ExecutionMode$1.execute(ExecutionMode.java:10) ~[cucumber-core-7.8.1.jar:7.8.1]
	at io.cucumber.core.runner.TestStep.executeStep(TestStep.java:85) ~[cucumber-core-7.8.1.jar:7.8.1]
	at io.cucumber.core.runner.TestStep.run(TestStep.java:57) ~[cucumber-core-7.8.1.jar:7.8.1]
	at io.cucumber.core.runner.PickleStepTestStep.run(PickleStepTestStep.java:51) ~[cucumber-core-7.8.1.jar:7.8.1]
	at io.cucumber.core.runner.TestCase.run(TestCase.java:84) ~[cucumber-core-7.8.1.jar:7.8.1]
	at io.cucumber.core.runner.Runner.runPickle(Runner.java:75) ~[cucumber-core-7.8.1.jar:7.8.1]
	at io.cucumber.testng.TestNGCucumberRunner.lambda$runScenario$1(TestNGCucumberRunner.java:132) ~[cucumber-testng-7.8.1.jar:7.8.1]
	at io.cucumber.core.runtime.CucumberExecutionContext.lambda$runTestCase$5(CucumberExecutionContext.java:129) ~[cucumber-core-7.8.1.jar:7.8.1]
	at io.cucumber.core.runtime.RethrowingThrowableCollector.executeAndThrow(RethrowingThrowableCollector.java:23) ~[cucumber-core-7.8.1.jar:7.8.1]
	at io.cucumber.core.runtime.CucumberExecutionContext.runTestCase(CucumberExecutionContext.java:129) ~[cucumber-core-7.8.1.jar:7.8.1]
	at io.cucumber.testng.TestNGCucumberRunner.runScenario(TestNGCucumberRunner.java:129) ~[cucumber-testng-7.8.1.jar:7.8.1]
	at io.cucumber.testng.AbstractTestNGCucumberTests.runScenario(AbstractTestNGCucumberTests.java:35) ~[cucumber-testng-7.8.1.jar:7.8.1]
	at jdk.internal.reflect.NativeMethodAccessorImpl.invoke0(Native Method) ~[?:?]
	at jdk.internal.reflect.NativeMethodAccessorImpl.invoke(NativeMethodAccessorImpl.java:78) ~[?:?]
	at jdk.internal.reflect.DelegatingMethodAccessorImpl.invoke(DelegatingMethodAccessorImpl.java:43) ~[?:?]
	at java.lang.reflect.Method.invoke(Method.java:567) ~[?:?]
	at org.testng.internal.invokers.MethodInvocationHelper.invokeMethod(MethodInvocationHelper.java:139) ~[testng-7.6.1.jar:7.6.1]
	at org.testng.internal.invokers.TestInvoker.invokeMethod(TestInvoker.java:677) ~[testng-7.6.1.jar:7.6.1]
	at org.testng.internal.invokers.TestInvoker.invokeTestMethod(TestInvoker.java:221) ~[testng-7.6.1.jar:7.6.1]
	at org.testng.internal.invokers.MethodRunner.runInSequence(MethodRunner.java:50) ~[testng-7.6.1.jar:7.6.1]
	at org.testng.internal.invokers.TestInvoker$MethodInvocationAgent.invoke(TestInvoker.java:962) ~[testng-7.6.1.jar:7.6.1]
	at org.testng.internal.invokers.TestInvoker.invokeTestMethods(TestInvoker.java:194) ~[testng-7.6.1.jar:7.6.1]
	at org.testng.internal.invokers.TestMethodWorker.invokeTestMethods(TestMethodWorker.java:148) ~[testng-7.6.1.jar:7.6.1]
	at org.testng.internal.invokers.TestMethodWorker.run(TestMethodWorker.java:128) ~[testng-7.6.1.jar:7.6.1]
	at java.util.ArrayList.forEach(ArrayList.java:1511) ~[?:?]
	at org.testng.TestRunner.privateRun(TestRunner.java:806) ~[testng-7.6.1.jar:7.6.1]
	at org.testng.TestRunner.run(TestRunner.java:601) ~[testng-7.6.1.jar:7.6.1]
	at org.testng.SuiteRunner.runTest(SuiteRunner.java:433) ~[testng-7.6.1.jar:7.6.1]
	at org.testng.SuiteRunner.runSequentially(SuiteRunner.java:427) ~[testng-7.6.1.jar:7.6.1]
	at org.testng.SuiteRunner.privateRun(SuiteRunner.java:387) ~[testng-7.6.1.jar:7.6.1]
	at org.testng.SuiteRunner.run(SuiteRunner.java:330) ~[testng-7.6.1.jar:7.6.1]
	at org.testng.SuiteRunnerWorker.runSuite(SuiteRunnerWorker.java:52) ~[testng-7.6.1.jar:7.6.1]
	at org.testng.SuiteRunnerWorker.run(SuiteRunnerWorker.java:95) ~[testng-7.6.1.jar:7.6.1]
	at org.testng.TestNG.runSuitesSequentially(TestNG.java:1256) ~[testng-7.6.1.jar:7.6.1]
	at org.testng.TestNG.runSuitesLocally(TestNG.java:1176) ~[testng-7.6.1.jar:7.6.1]
	at org.testng.TestNG.runSuites(TestNG.java:1099) ~[testng-7.6.1.jar:7.6.1]
	at org.testng.TestNG.run(TestNG.java:1067) ~[testng-7.6.1.jar:7.6.1]
	at org.apache.maven.surefire.testng.TestNGExecutor.run(TestNGExecutor.java:281) ~[surefire-testng-2.19.1.jar:2.19.1]
	at org.apache.maven.surefire.testng.TestNGXmlTestSuite.execute(TestNGXmlTestSuite.java:75) ~[surefire-testng-2.19.1.jar:2.19.1]
	at org.apache.maven.surefire.testng.TestNGProvider.invoke(TestNGProvider.java:121) ~[surefire-testng-2.19.1.jar:2.19.1]
	at org.apache.maven.surefire.booter.ForkedBooter.invokeProviderInSameClassLoader(ForkedBooter.java:290) ~[surefire-booter-2.19.1.jar:2.19.1]
	at org.apache.maven.surefire.booter.ForkedBooter.runSuitesInProcess(ForkedBooter.java:242) ~[surefire-booter-2.19.1.jar:2.19.1]
	at org.apache.maven.surefire.booter.ForkedBooter.main(ForkedBooter.java:121) ~[surefire-booter-2.19.1.jar:2.19.1]
2022-10-10 00:01:51.313 DEBUG  -io.netty.util.internal.PlatformDependent0.<clinit>(PlatformDependent0.java:481) io.netty.util.internal.PlatformDependent0 - java.nio.DirectByteBuffer.<init>(long, int): unavailable
2022-10-10 00:01:51.313 DEBUG  -io.netty.util.internal.PlatformDependent.unsafeUnavailabilityCause0(PlatformDependent.java:1159) io.netty.util.internal.PlatformDependent - sun.misc.Unsafe: available
2022-10-10 00:01:51.314 DEBUG  -io.netty.util.internal.PlatformDependent.estimateMaxDirectMemory(PlatformDependent.java:1270) io.netty.util.internal.PlatformDependent - maxDirectMemory: 3170893824 bytes (maybe)
2022-10-10 00:01:51.315 DEBUG  -io.netty.util.internal.PlatformDependent.tmpdir0(PlatformDependent.java:1289) io.netty.util.internal.PlatformDependent - -Dio.netty.tmpdir: C:\Users\Ramses\AppData\Local\Temp (java.io.tmpdir)
2022-10-10 00:01:51.315 DEBUG  -io.netty.util.internal.PlatformDependent.bitMode0(PlatformDependent.java:1368) io.netty.util.internal.PlatformDependent - -Dio.netty.bitMode: 64 (sun.arch.data.model)
2022-10-10 00:01:51.317 DEBUG  -io.netty.util.internal.PlatformDependent.isWindows0(PlatformDependent.java:1119) io.netty.util.internal.PlatformDependent - Platform: Windows
2022-10-10 00:01:51.321 DEBUG  -io.netty.util.internal.PlatformDependent.<clinit>(PlatformDependent.java:178) io.netty.util.internal.PlatformDependent - -Dio.netty.maxDirectMemory: -1 bytes
2022-10-10 00:01:51.322 DEBUG  -io.netty.util.internal.PlatformDependent.<clinit>(PlatformDependent.java:185) io.netty.util.internal.PlatformDependent - -Dio.netty.uninitializedArrayAllocationThreshold: -1
2022-10-10 00:01:51.325 DEBUG  -io.netty.util.internal.CleanerJava9.<clinit>(CleanerJava9.java:71) io.netty.util.internal.CleanerJava9 - java.nio.ByteBuffer.cleaner(): available
2022-10-10 00:01:51.326 DEBUG  -io.netty.util.internal.PlatformDependent.<clinit>(PlatformDependent.java:205) io.netty.util.internal.PlatformDependent - -Dio.netty.noPreferDirect: false
2022-10-10 00:01:51.398 DEBUG  -io.netty.util.internal.PlatformDependent$Mpsc.<clinit>(PlatformDependent.java:1010) io.netty.util.internal.PlatformDependent - org.jctools-core.MpscChunkedArrayQueue: available
2022-10-10 00:01:51.513 DEBUG  -io.netty.util.internal.InternalThreadLocalMap.<clinit>(InternalThreadLocalMap.java:86) io.netty.util.internal.InternalThreadLocalMap - -Dio.netty.threadLocalMap.stringBuilder.initialSize: 1024
2022-10-10 00:01:51.514 DEBUG  -io.netty.util.internal.InternalThreadLocalMap.<clinit>(InternalThreadLocalMap.java:89) io.netty.util.internal.InternalThreadLocalMap - -Dio.netty.threadLocalMap.stringBuilder.maxSize: 4096
2022-10-10 00:01:51.652 DEBUG  -io.netty.handler.ssl.JdkSslContext.<clinit>(JdkSslContext.java:83) io.netty.handler.ssl.JdkSslContext - Default protocols (JDK): [TLSv1.3, TLSv1.2] 
2022-10-10 00:01:51.652 DEBUG  -io.netty.handler.ssl.JdkSslContext.<clinit>(JdkSslContext.java:84) io.netty.handler.ssl.JdkSslContext - Default cipher suites (JDK): [TLS_ECDHE_ECDSA_WITH_AES_256_GCM_SHA384, TLS_ECDHE_ECDSA_WITH_AES_128_GCM_SHA256, TLS_ECDHE_RSA_WITH_AES_128_GCM_SHA256, TLS_ECDHE_RSA_WITH_AES_256_GCM_SHA384, TLS_ECDHE_RSA_WITH_AES_128_CBC_SHA, TLS_ECDHE_RSA_WITH_AES_256_CBC_SHA, TLS_RSA_WITH_AES_128_GCM_SHA256, TLS_RSA_WITH_AES_128_CBC_SHA, TLS_RSA_WITH_AES_256_CBC_SHA, TLS_AES_128_GCM_SHA256, TLS_AES_256_GCM_SHA384]
2022-10-10 00:01:51.791 DEBUG  -io.netty.channel.MultithreadEventLoopGroup.<clinit>(MultithreadEventLoopGroup.java:44) io.netty.channel.MultithreadEventLoopGroup - -Dio.netty.eventLoopThreads: 8
2022-10-10 00:01:51.830 DEBUG  -io.netty.channel.nio.NioEventLoop.<clinit>(NioEventLoop.java:109) io.netty.channel.nio.NioEventLoop - -Dio.netty.noKeySetOptimization: false
2022-10-10 00:01:51.831 DEBUG  -io.netty.channel.nio.NioEventLoop.<clinit>(NioEventLoop.java:110) io.netty.channel.nio.NioEventLoop - -Dio.netty.selectorAutoRebuildThreshold: 512
2022-10-10 00:01:51.978 DEBUG  -io.netty.buffer.PooledByteBufAllocator.<clinit>(PooledByteBufAllocator.java:157) io.netty.buffer.PooledByteBufAllocator - -Dio.netty.allocator.numHeapArenas: 8
2022-10-10 00:01:51.978 DEBUG  -io.netty.buffer.PooledByteBufAllocator.<clinit>(PooledByteBufAllocator.java:158) io.netty.buffer.PooledByteBufAllocator - -Dio.netty.allocator.numDirectArenas: 8
2022-10-10 00:01:51.979 DEBUG  -io.netty.buffer.PooledByteBufAllocator.<clinit>(PooledByteBufAllocator.java:160) io.netty.buffer.PooledByteBufAllocator - -Dio.netty.allocator.pageSize: 8192
2022-10-10 00:01:51.979 DEBUG  -io.netty.buffer.PooledByteBufAllocator.<clinit>(PooledByteBufAllocator.java:165) io.netty.buffer.PooledByteBufAllocator - -Dio.netty.allocator.maxOrder: 9
2022-10-10 00:01:51.979 DEBUG  -io.netty.buffer.PooledByteBufAllocator.<clinit>(PooledByteBufAllocator.java:169) io.netty.buffer.PooledByteBufAllocator - -Dio.netty.allocator.chunkSize: 4194304
2022-10-10 00:01:51.979 DEBUG  -io.netty.buffer.PooledByteBufAllocator.<clinit>(PooledByteBufAllocator.java:170) io.netty.buffer.PooledByteBufAllocator - -Dio.netty.allocator.smallCacheSize: 256
2022-10-10 00:01:51.980 DEBUG  -io.netty.buffer.PooledByteBufAllocator.<clinit>(PooledByteBufAllocator.java:171) io.netty.buffer.PooledByteBufAllocator - -Dio.netty.allocator.normalCacheSize: 64
2022-10-10 00:01:51.980 DEBUG  -io.netty.buffer.PooledByteBufAllocator.<clinit>(PooledByteBufAllocator.java:172) io.netty.buffer.PooledByteBufAllocator - -Dio.netty.allocator.maxCachedBufferCapacity: 32768
2022-10-10 00:01:51.980 DEBUG  -io.netty.buffer.PooledByteBufAllocator.<clinit>(PooledByteBufAllocator.java:173) io.netty.buffer.PooledByteBufAllocator - -Dio.netty.allocator.cacheTrimInterval: 8192
2022-10-10 00:01:51.981 DEBUG  -io.netty.buffer.PooledByteBufAllocator.<clinit>(PooledByteBufAllocator.java:174) io.netty.buffer.PooledByteBufAllocator - -Dio.netty.allocator.cacheTrimIntervalMillis: 0
2022-10-10 00:01:51.981 DEBUG  -io.netty.buffer.PooledByteBufAllocator.<clinit>(PooledByteBufAllocator.java:175) io.netty.buffer.PooledByteBufAllocator - -Dio.netty.allocator.useCacheForAllThreads: false
2022-10-10 00:01:51.981 DEBUG  -io.netty.buffer.PooledByteBufAllocator.<clinit>(PooledByteBufAllocator.java:176) io.netty.buffer.PooledByteBufAllocator - -Dio.netty.allocator.maxCachedByteBuffersPerChunk: 1023
2022-10-10 00:01:52.016 DEBUG  -io.netty.buffer.ByteBufUtil.<clinit>(ByteBufUtil.java:87) io.netty.buffer.ByteBufUtil - -Dio.netty.allocator.type: pooled
2022-10-10 00:01:52.016 DEBUG  -io.netty.buffer.ByteBufUtil.<clinit>(ByteBufUtil.java:96) io.netty.buffer.ByteBufUtil - -Dio.netty.threadLocalDirectBufferSize: 0
2022-10-10 00:01:52.016 DEBUG  -io.netty.buffer.ByteBufUtil.<clinit>(ByteBufUtil.java:99) io.netty.buffer.ByteBufUtil - -Dio.netty.maxThreadLocalCharBufferSize: 16384
2022-10-10 00:01:52.896 DEBUG  -io.netty.channel.DefaultChannelId.<clinit>(DefaultChannelId.java:79) io.netty.channel.DefaultChannelId - -Dio.netty.processId: 35364 (auto-detected)
2022-10-10 00:01:52.900 DEBUG  -io.netty.util.NetUtil.<clinit>(NetUtil.java:136) io.netty.util.NetUtil - -Djava.net.preferIPv4Stack: false
2022-10-10 00:01:52.901 DEBUG  -io.netty.util.NetUtil.<clinit>(NetUtil.java:137) io.netty.util.NetUtil - -Djava.net.preferIPv6Addresses: false
2022-10-10 00:01:52.936 DEBUG  -io.netty.util.NetUtilInitializations.determineLoopback(NetUtilInitializations.java:129) io.netty.util.NetUtilInitializations - Loopback interface: lo (Software Loopback Interface 1, 127.0.0.1)
2022-10-10 00:01:52.940 DEBUG  -io.netty.util.NetUtil$SoMaxConnAction.run(NetUtil.java:191) io.netty.util.NetUtil - Failed to get SOMAXCONN from sysctl and file \proc\sys\net\core\somaxconn. Default: 200
2022-10-10 00:01:53.020 DEBUG  -io.netty.channel.DefaultChannelId.<clinit>(DefaultChannelId.java:101) io.netty.channel.DefaultChannelId - -Dio.netty.machineId: a4:97:b1:ff:fe:72:e4:f5 (auto-detected)
2022-10-10 00:01:53.179 DEBUG  -io.netty.buffer.AbstractByteBuf.<clinit>(AbstractByteBuf.java:63) io.netty.buffer.AbstractByteBuf - -Dio.netty.buffer.checkAccessible: true
2022-10-10 00:01:53.182 DEBUG  -io.netty.buffer.AbstractByteBuf.<clinit>(AbstractByteBuf.java:64) io.netty.buffer.AbstractByteBuf - -Dio.netty.buffer.checkBounds: true
2022-10-10 00:01:53.182 DEBUG  -io.netty.util.ResourceLeakDetectorFactory$DefaultResourceLeakDetectorFactory.newResourceLeakDetector(ResourceLeakDetectorFactory.java:196) io.netty.util.ResourceLeakDetectorFactory - Loaded default ResourceLeakDetector: io.netty.util.ResourceLeakDetector@30fff616
2022-10-10 00:01:53.242 DEBUG  -io.netty.util.Recycler.<clinit>(Recycler.java:85) io.netty.util.Recycler - -Dio.netty.recycler.maxCapacityPerThread: 4096
2022-10-10 00:01:53.243 DEBUG  -io.netty.util.Recycler.<clinit>(Recycler.java:86) io.netty.util.Recycler - -Dio.netty.recycler.ratio: 8
2022-10-10 00:01:53.243 DEBUG  -io.netty.util.Recycler.<clinit>(Recycler.java:87) io.netty.util.Recycler - -Dio.netty.recycler.chunkSize: 32
2022-10-10 00:01:53.243 DEBUG  -io.netty.util.Recycler.<clinit>(Recycler.java:88) io.netty.util.Recycler - -Dio.netty.recycler.blocking: false
2022-10-10 00:01:54.173 DEBUG  -io.netty.handler.codec.compression.Brotli.<clinit>(Brotli.java:38) io.netty.handler.codec.compression.Brotli - brotli4j not in the classpath; Brotli support will be unavailable.
2022-10-10 00:01:54.554 DEBUG  -io.netty.util.internal.ThreadLocalRandom.newSeed(ThreadLocalRandom.java:214) io.netty.util.internal.ThreadLocalRandom - -Dio.netty.initialSeedUniquifier: 0x499285d120651564
2022-10-10 00:01:54.711 INFO   -com.challenge.config.ConfigPage.setup(ConfigPage.java:33) com.challenge.config.ConfigPage - Setup Chrome OK
2022-10-10 00:01:56.047 INFO   -com.challenge.process.SignUpProcess.visitWebPage(SignUpProcess.java:28) com.challenge.process.SignUpProcess - Url Ok: https://www.demoblaze.com/index.html
2022-10-10 00:01:57.243 INFO   -com.challenge.process.SignUpProcess.fillData(SignUpProcess.java:40) com.challenge.process.SignUpProcess - Data filled OK
2022-10-10 00:02:00.324 INFO   -com.challenge.process.SignUpProcess.isSignUp(SignUpProcess.java:51) com.challenge.process.SignUpProcess - SignUp OK
2022-10-10 00:02:02.561 INFO   -com.challenge.config.ConfigPage.setup(ConfigPage.java:33) com.challenge.config.ConfigPage - Setup Chrome OK
2022-10-10 00:02:03.810 INFO   -com.challenge.process.SignUpProcess.visitWebPage(SignUpProcess.java:28) com.challenge.process.SignUpProcess - Url Ok: https://www.demoblaze.com/index.html
2022-10-10 00:02:05.064 INFO   -com.challenge.process.LoginProcess.fillData(LoginProcess.java:40) com.challenge.process.LoginProcess - Data filled OK
2022-10-10 00:02:08.108 INFO   -com.challenge.process.LoginProcess.isLogged(LoginProcess.java:46) com.challenge.process.LoginProcess - Login OK
2022-10-10 00:02:10.327 INFO   -com.challenge.config.ConfigPage.setup(ConfigPage.java:33) com.challenge.config.ConfigPage - Setup Chrome OK
2022-10-10 00:02:11.711 INFO   -com.challenge.process.SignUpProcess.visitWebPage(SignUpProcess.java:28) com.challenge.process.SignUpProcess - Url Ok: https://www.demoblaze.com/index.html
2022-10-10 00:02:12.962 INFO   -com.challenge.process.LoginProcess.fillData(LoginProcess.java:40) com.challenge.process.LoginProcess - Data filled OK
2022-10-10 00:02:15.999 INFO   -com.challenge.process.LoginProcess.isLogged(LoginProcess.java:46) com.challenge.process.LoginProcess - Login OK
2022-10-10 00:02:16.888 INFO   -com.challenge.process.LogoutProcess.isLogout(LogoutProcess.java:39) com.challenge.process.LogoutProcess - Logout Ok
2022-10-10 00:02:21.693 INFO   -com.challenge.config.ConfigPage.setup(ConfigPage.java:33) com.challenge.config.ConfigPage - Setup Chrome OK
2022-10-10 00:02:23.020 INFO   -com.challenge.process.SignUpProcess.visitWebPage(SignUpProcess.java:28) com.challenge.process.SignUpProcess - Url Ok: https://www.demoblaze.com/index.html
2022-10-10 00:02:33.065 INFO   -com.challenge.process.AddLaptopProcess.isAddedToCart(AddLaptopProcess.java:44) com.challenge.process.AddLaptopProcess - Product was added to cart
2022-10-10 00:02:34.854 INFO   -com.challenge.config.ConfigPage.setup(ConfigPage.java:33) com.challenge.config.ConfigPage - Setup Chrome OK
2022-10-10 00:02:36.292 INFO   -com.challenge.process.SignUpProcess.visitWebPage(SignUpProcess.java:28) com.challenge.process.SignUpProcess - Url Ok: https://www.demoblaze.com/index.html
2022-10-10 00:02:45.763 INFO   -com.challenge.process.AddLaptopProcess.isAddedToCart(AddLaptopProcess.java:44) com.challenge.process.AddLaptopProcess - Product was added to cart
2022-10-10 00:04:18.339 DEBUG  -io.netty.util.internal.logging.InternalLoggerFactory.useLog4J2LoggerFactory(InternalLoggerFactory.java:76) io.netty.util.internal.logging.InternalLoggerFactory - Using Log4J2 as the default logging framework
2022-10-10 00:04:18.348 DEBUG  -io.netty.util.ResourceLeakDetector.<clinit>(ResourceLeakDetector.java:129) io.netty.util.ResourceLeakDetector - -Dio.netty.leakDetection.level: simple
2022-10-10 00:04:18.348 DEBUG  -io.netty.util.ResourceLeakDetector.<clinit>(ResourceLeakDetector.java:130) io.netty.util.ResourceLeakDetector - -Dio.netty.leakDetection.targetRecords: 4
2022-10-10 00:04:18.357 DEBUG  -io.netty.util.ResourceLeakDetectorFactory$DefaultResourceLeakDetectorFactory.newResourceLeakDetector(ResourceLeakDetectorFactory.java:196) io.netty.util.ResourceLeakDetectorFactory - Loaded default ResourceLeakDetector: io.netty.util.ResourceLeakDetector@3bae64d0
2022-10-10 00:04:18.382 DEBUG  -io.netty.util.internal.PlatformDependent0.explicitNoUnsafeCause0(PlatformDependent0.java:495) io.netty.util.internal.PlatformDependent0 - -Dio.netty.noUnsafe: false
2022-10-10 00:04:18.383 DEBUG  -io.netty.util.internal.PlatformDependent0.javaVersion0(PlatformDependent0.java:998) io.netty.util.internal.PlatformDependent0 - Java version: 11
2022-10-10 00:04:18.389 DEBUG  -io.netty.util.internal.PlatformDependent0.<clinit>(PlatformDependent0.java:136) io.netty.util.internal.PlatformDependent0 - sun.misc.Unsafe.theUnsafe: available
2022-10-10 00:04:18.391 DEBUG  -io.netty.util.internal.PlatformDependent0.<clinit>(PlatformDependent0.java:160) io.netty.util.internal.PlatformDependent0 - sun.misc.Unsafe.copyMemory: available
2022-10-10 00:04:18.392 DEBUG  -io.netty.util.internal.PlatformDependent0.<clinit>(PlatformDependent0.java:192) io.netty.util.internal.PlatformDependent0 - sun.misc.Unsafe.storeFence: available
2022-10-10 00:04:18.392 DEBUG  -io.netty.util.internal.PlatformDependent0.<clinit>(PlatformDependent0.java:235) io.netty.util.internal.PlatformDependent0 - java.nio.Buffer.address: available
2022-10-10 00:04:18.393 DEBUG  -io.netty.util.internal.PlatformDependent0.<clinit>(PlatformDependent0.java:316) io.netty.util.internal.PlatformDependent0 - direct buffer constructor: unavailable
java.lang.UnsupportedOperationException: Reflective setAccessible(true) disabled
	at io.netty.util.internal.ReflectionUtil.trySetAccessible(ReflectionUtil.java:31) ~[netty-common-4.1.79.Final.jar:4.1.79.Final]
	at io.netty.util.internal.PlatformDependent0$5.run(PlatformDependent0.java:287) ~[netty-common-4.1.79.Final.jar:4.1.79.Final]
	at java.security.AccessController.doPrivileged(Native Method) ~[?:?]
	at io.netty.util.internal.PlatformDependent0.<clinit>(PlatformDependent0.java:281) ~[netty-common-4.1.79.Final.jar:4.1.79.Final]
	at io.netty.util.internal.PlatformDependent.isAndroid(PlatformDependent.java:333) ~[netty-common-4.1.79.Final.jar:4.1.79.Final]
	at io.netty.util.internal.PlatformDependent.<clinit>(PlatformDependent.java:88) ~[netty-common-4.1.79.Final.jar:4.1.79.Final]
	at io.netty.util.HashedWheelTimer.<init>(HashedWheelTimer.java:114) ~[netty-common-4.1.79.Final.jar:4.1.79.Final]
	at io.netty.util.HashedWheelTimer.<init>(HashedWheelTimer.java:251) ~[netty-common-4.1.79.Final.jar:4.1.79.Final]
	at io.netty.util.HashedWheelTimer.<init>(HashedWheelTimer.java:224) ~[netty-common-4.1.79.Final.jar:4.1.79.Final]
	at io.netty.util.HashedWheelTimer.<init>(HashedWheelTimer.java:203) ~[netty-common-4.1.79.Final.jar:4.1.79.Final]
	at org.asynchttpclient.DefaultAsyncHttpClient.newNettyTimer(DefaultAsyncHttpClient.java:111) ~[async-http-client-2.12.3.jar:?]
	at org.asynchttpclient.DefaultAsyncHttpClient.<init>(DefaultAsyncHttpClient.java:90) ~[async-http-client-2.12.3.jar:?]
	at org.asynchttpclient.Dsl.asyncHttpClient(Dsl.java:32) ~[async-http-client-2.12.3.jar:?]
	at org.openqa.selenium.remote.http.netty.NettyClient.createHttpClient(NettyClient.java:94) ~[selenium-remote-driver-4.5.0.jar:?]
	at org.openqa.selenium.remote.http.netty.NettyClient.<clinit>(NettyClient.java:47) ~[selenium-remote-driver-4.5.0.jar:?]
	at org.openqa.selenium.remote.http.netty.NettyClient$Factory.createClient(NettyClient.java:135) ~[selenium-remote-driver-4.5.0.jar:?]
	at org.openqa.selenium.remote.HttpCommandExecutor.<init>(HttpCommandExecutor.java:107) ~[selenium-remote-driver-4.5.0.jar:?]
	at org.openqa.selenium.remote.HttpCommandExecutor.<init>(HttpCommandExecutor.java:94) ~[selenium-remote-driver-4.5.0.jar:?]
	at org.openqa.selenium.remote.HttpCommandExecutor.<init>(HttpCommandExecutor.java:85) ~[selenium-remote-driver-4.5.0.jar:?]
	at org.openqa.selenium.remote.service.DriverCommandExecutor.<init>(DriverCommandExecutor.java:80) ~[selenium-remote-driver-4.5.0.jar:?]
	at org.openqa.selenium.chromium.ChromiumDriverCommandExecutor.<init>(ChromiumDriverCommandExecutor.java:35) ~[selenium-chromium-driver-4.5.0.jar:?]
	at org.openqa.selenium.chrome.ChromeDriver$ChromeDriverCommandExecutor.<init>(ChromeDriver.java:93) ~[selenium-chrome-driver-4.5.0.jar:?]
	at org.openqa.selenium.chrome.ChromeDriver.<init>(ChromeDriver.java:81) ~[selenium-chrome-driver-4.5.0.jar:?]
	at org.openqa.selenium.chrome.ChromeDriver.<init>(ChromeDriver.java:49) ~[selenium-chrome-driver-4.5.0.jar:?]
	at jdk.internal.reflect.NativeConstructorAccessorImpl.newInstance0(Native Method) ~[?:?]
	at jdk.internal.reflect.NativeConstructorAccessorImpl.newInstance(NativeConstructorAccessorImpl.java:62) ~[?:?]
	at jdk.internal.reflect.DelegatingConstructorAccessorImpl.newInstance(DelegatingConstructorAccessorImpl.java:45) ~[?:?]
	at java.lang.reflect.Constructor.newInstance(Constructor.java:490) ~[?:?]
	at io.github.bonigarcia.wdm.webdriver.WebDriverCreator.createLocalWebDriver(WebDriverCreator.java:64) ~[webdrivermanager-5.3.0.jar:?]
	at io.github.bonigarcia.wdm.WebDriverManager.createLocalWebDriver(WebDriverManager.java:1948) ~[webdrivermanager-5.3.0.jar:?]
	at io.github.bonigarcia.wdm.WebDriverManager.instantiateDriver(WebDriverManager.java:1763) ~[webdrivermanager-5.3.0.jar:?]
	at io.github.bonigarcia.wdm.WebDriverManager.create(WebDriverManager.java:424) ~[webdrivermanager-5.3.0.jar:?]
	at com.challenge.config.ConfigPage.setup(ConfigPage.java:32) ~[classes/:?]
	at com.challenge.process.SignUpProcess.visitWebPage(SignUpProcess.java:26) ~[classes/:?]
	at com.challenge.process.CheckCartProcess.isAddedToCart(CheckCartProcess.java:24) ~[classes/:?]
	at com.challenge.test.defs.CheckCartTest.a_user_who_added_a_laptop_to_cart(CheckCartTest.java:14) ~[test-classes/:?]
	at jdk.internal.reflect.NativeMethodAccessorImpl.invoke0(Native Method) ~[?:?]
	at jdk.internal.reflect.NativeMethodAccessorImpl.invoke(NativeMethodAccessorImpl.java:62) ~[?:?]
	at jdk.internal.reflect.DelegatingMethodAccessorImpl.invoke(DelegatingMethodAccessorImpl.java:43) ~[?:?]
	at java.lang.reflect.Method.invoke(Method.java:566) ~[?:?]
	at io.cucumber.java.Invoker.doInvoke(Invoker.java:66) ~[cucumber-java-7.8.1.jar:7.8.1]
	at io.cucumber.java.Invoker.invoke(Invoker.java:24) ~[cucumber-java-7.8.1.jar:7.8.1]
	at io.cucumber.java.AbstractGlueDefinition.invokeMethod(AbstractGlueDefinition.java:47) ~[cucumber-java-7.8.1.jar:7.8.1]
	at io.cucumber.java.JavaStepDefinition.execute(JavaStepDefinition.java:29) ~[cucumber-java-7.8.1.jar:7.8.1]
	at io.cucumber.core.runner.CoreStepDefinition.execute(CoreStepDefinition.java:66) ~[cucumber-core-7.8.1.jar:7.8.1]
	at io.cucumber.core.runner.PickleStepDefinitionMatch.runStep(PickleStepDefinitionMatch.java:63) ~[cucumber-core-7.8.1.jar:7.8.1]
	at io.cucumber.core.runner.ExecutionMode$1.execute(ExecutionMode.java:10) ~[cucumber-core-7.8.1.jar:7.8.1]
	at io.cucumber.core.runner.TestStep.executeStep(TestStep.java:85) ~[cucumber-core-7.8.1.jar:7.8.1]
	at io.cucumber.core.runner.TestStep.run(TestStep.java:57) ~[cucumber-core-7.8.1.jar:7.8.1]
	at io.cucumber.core.runner.PickleStepTestStep.run(PickleStepTestStep.java:51) ~[cucumber-core-7.8.1.jar:7.8.1]
	at io.cucumber.core.runner.TestCase.run(TestCase.java:84) ~[cucumber-core-7.8.1.jar:7.8.1]
	at io.cucumber.core.runner.Runner.runPickle(Runner.java:75) ~[cucumber-core-7.8.1.jar:7.8.1]
	at io.cucumber.core.runtime.Runtime.lambda$executePickle$6(Runtime.java:128) ~[cucumber-core-7.8.1.jar:7.8.1]
	at io.cucumber.core.runtime.CucumberExecutionContext.lambda$runTestCase$5(CucumberExecutionContext.java:129) ~[cucumber-core-7.8.1.jar:7.8.1]
	at io.cucumber.core.runtime.RethrowingThrowableCollector.executeAndThrow(RethrowingThrowableCollector.java:23) ~[cucumber-core-7.8.1.jar:7.8.1]
	at io.cucumber.core.runtime.CucumberExecutionContext.runTestCase(CucumberExecutionContext.java:129) ~[cucumber-core-7.8.1.jar:7.8.1]
	at io.cucumber.core.runtime.Runtime.lambda$executePickle$7(Runtime.java:128) ~[cucumber-core-7.8.1.jar:7.8.1]
	at java.util.concurrent.Executors$RunnableAdapter.call(Executors.java:515) ~[?:?]
	at java.util.concurrent.FutureTask.run(FutureTask.java:264) ~[?:?]
	at io.cucumber.core.runtime.Runtime$SameThreadExecutorService.execute(Runtime.java:249) ~[cucumber-core-7.8.1.jar:7.8.1]
	at java.util.concurrent.AbstractExecutorService.submit(AbstractExecutorService.java:118) ~[?:?]
	at io.cucumber.core.runtime.Runtime.lambda$runFeatures$3(Runtime.java:110) ~[cucumber-core-7.8.1.jar:7.8.1]
	at java.util.stream.ReferencePipeline$3$1.accept(ReferencePipeline.java:195) ~[?:?]
	at java.util.stream.SliceOps$1$1.accept(SliceOps.java:199) ~[?:?]
	at java.util.ArrayList$ArrayListSpliterator.tryAdvance(ArrayList.java:1632) ~[?:?]
	at java.util.stream.ReferencePipeline.forEachWithCancel(ReferencePipeline.java:127) ~[?:?]
	at java.util.stream.AbstractPipeline.copyIntoWithCancel(AbstractPipeline.java:502) ~[?:?]
	at java.util.stream.AbstractPipeline.copyInto(AbstractPipeline.java:488) ~[?:?]
	at java.util.stream.AbstractPipeline.wrapAndCopyInto(AbstractPipeline.java:474) ~[?:?]
	at java.util.stream.ReduceOps$ReduceOp.evaluateSequential(ReduceOps.java:913) ~[?:?]
	at java.util.stream.AbstractPipeline.evaluate(AbstractPipeline.java:234) ~[?:?]
	at java.util.stream.ReferencePipeline.collect(ReferencePipeline.java:578) ~[?:?]
	at io.cucumber.core.runtime.Runtime.runFeatures(Runtime.java:111) ~[cucumber-core-7.8.1.jar:7.8.1]
	at io.cucumber.core.runtime.Runtime.lambda$run$0(Runtime.java:82) ~[cucumber-core-7.8.1.jar:7.8.1]
	at io.cucumber.core.runtime.Runtime.execute(Runtime.java:94) ~[cucumber-core-7.8.1.jar:7.8.1]
	at io.cucumber.core.runtime.Runtime.run(Runtime.java:80) ~[cucumber-core-7.8.1.jar:7.8.1]
	at io.cucumber.core.cli.Main.run(Main.java:87) ~[cucumber-core-7.8.1.jar:7.8.1]
	at io.cucumber.core.cli.Main.main(Main.java:30) ~[cucumber-core-7.8.1.jar:7.8.1]
2022-10-10 00:04:18.404 DEBUG  -io.netty.util.internal.PlatformDependent0.<clinit>(PlatformDependent0.java:384) io.netty.util.internal.PlatformDependent0 - java.nio.Bits.unaligned: available, true
2022-10-10 00:04:18.408 DEBUG  -io.netty.util.internal.PlatformDependent0.<clinit>(PlatformDependent0.java:448) io.netty.util.internal.PlatformDependent0 - jdk.internal.misc.Unsafe.allocateUninitializedArray(int): unavailable
java.lang.IllegalAccessException: class io.netty.util.internal.PlatformDependent0$7 cannot access class jdk.internal.misc.Unsafe (in module java.base) because module java.base does not export jdk.internal.misc to unnamed module @31f924f5
	at jdk.internal.reflect.Reflection.newIllegalAccessException(Reflection.java:361) ~[?:?]
	at java.lang.reflect.AccessibleObject.checkAccess(AccessibleObject.java:591) ~[?:?]
	at java.lang.reflect.Method.invoke(Method.java:558) ~[?:?]
	at io.netty.util.internal.PlatformDependent0$7.run(PlatformDependent0.java:409) ~[netty-common-4.1.79.Final.jar:4.1.79.Final]
	at java.security.AccessController.doPrivileged(Native Method) ~[?:?]
	at io.netty.util.internal.PlatformDependent0.<clinit>(PlatformDependent0.java:400) ~[netty-common-4.1.79.Final.jar:4.1.79.Final]
	at io.netty.util.internal.PlatformDependent.isAndroid(PlatformDependent.java:333) ~[netty-common-4.1.79.Final.jar:4.1.79.Final]
	at io.netty.util.internal.PlatformDependent.<clinit>(PlatformDependent.java:88) ~[netty-common-4.1.79.Final.jar:4.1.79.Final]
	at io.netty.util.HashedWheelTimer.<init>(HashedWheelTimer.java:114) ~[netty-common-4.1.79.Final.jar:4.1.79.Final]
	at io.netty.util.HashedWheelTimer.<init>(HashedWheelTimer.java:251) ~[netty-common-4.1.79.Final.jar:4.1.79.Final]
	at io.netty.util.HashedWheelTimer.<init>(HashedWheelTimer.java:224) ~[netty-common-4.1.79.Final.jar:4.1.79.Final]
	at io.netty.util.HashedWheelTimer.<init>(HashedWheelTimer.java:203) ~[netty-common-4.1.79.Final.jar:4.1.79.Final]
	at org.asynchttpclient.DefaultAsyncHttpClient.newNettyTimer(DefaultAsyncHttpClient.java:111) ~[async-http-client-2.12.3.jar:?]
	at org.asynchttpclient.DefaultAsyncHttpClient.<init>(DefaultAsyncHttpClient.java:90) ~[async-http-client-2.12.3.jar:?]
	at org.asynchttpclient.Dsl.asyncHttpClient(Dsl.java:32) ~[async-http-client-2.12.3.jar:?]
	at org.openqa.selenium.remote.http.netty.NettyClient.createHttpClient(NettyClient.java:94) ~[selenium-remote-driver-4.5.0.jar:?]
	at org.openqa.selenium.remote.http.netty.NettyClient.<clinit>(NettyClient.java:47) ~[selenium-remote-driver-4.5.0.jar:?]
	at org.openqa.selenium.remote.http.netty.NettyClient$Factory.createClient(NettyClient.java:135) ~[selenium-remote-driver-4.5.0.jar:?]
	at org.openqa.selenium.remote.HttpCommandExecutor.<init>(HttpCommandExecutor.java:107) ~[selenium-remote-driver-4.5.0.jar:?]
	at org.openqa.selenium.remote.HttpCommandExecutor.<init>(HttpCommandExecutor.java:94) ~[selenium-remote-driver-4.5.0.jar:?]
	at org.openqa.selenium.remote.HttpCommandExecutor.<init>(HttpCommandExecutor.java:85) ~[selenium-remote-driver-4.5.0.jar:?]
	at org.openqa.selenium.remote.service.DriverCommandExecutor.<init>(DriverCommandExecutor.java:80) ~[selenium-remote-driver-4.5.0.jar:?]
	at org.openqa.selenium.chromium.ChromiumDriverCommandExecutor.<init>(ChromiumDriverCommandExecutor.java:35) ~[selenium-chromium-driver-4.5.0.jar:?]
	at org.openqa.selenium.chrome.ChromeDriver$ChromeDriverCommandExecutor.<init>(ChromeDriver.java:93) ~[selenium-chrome-driver-4.5.0.jar:?]
	at org.openqa.selenium.chrome.ChromeDriver.<init>(ChromeDriver.java:81) ~[selenium-chrome-driver-4.5.0.jar:?]
	at org.openqa.selenium.chrome.ChromeDriver.<init>(ChromeDriver.java:49) ~[selenium-chrome-driver-4.5.0.jar:?]
	at jdk.internal.reflect.NativeConstructorAccessorImpl.newInstance0(Native Method) ~[?:?]
	at jdk.internal.reflect.NativeConstructorAccessorImpl.newInstance(NativeConstructorAccessorImpl.java:62) ~[?:?]
	at jdk.internal.reflect.DelegatingConstructorAccessorImpl.newInstance(DelegatingConstructorAccessorImpl.java:45) ~[?:?]
	at java.lang.reflect.Constructor.newInstance(Constructor.java:490) ~[?:?]
	at io.github.bonigarcia.wdm.webdriver.WebDriverCreator.createLocalWebDriver(WebDriverCreator.java:64) ~[webdrivermanager-5.3.0.jar:?]
	at io.github.bonigarcia.wdm.WebDriverManager.createLocalWebDriver(WebDriverManager.java:1948) ~[webdrivermanager-5.3.0.jar:?]
	at io.github.bonigarcia.wdm.WebDriverManager.instantiateDriver(WebDriverManager.java:1763) ~[webdrivermanager-5.3.0.jar:?]
	at io.github.bonigarcia.wdm.WebDriverManager.create(WebDriverManager.java:424) ~[webdrivermanager-5.3.0.jar:?]
	at com.challenge.config.ConfigPage.setup(ConfigPage.java:32) ~[classes/:?]
	at com.challenge.process.SignUpProcess.visitWebPage(SignUpProcess.java:26) ~[classes/:?]
	at com.challenge.process.CheckCartProcess.isAddedToCart(CheckCartProcess.java:24) ~[classes/:?]
	at com.challenge.test.defs.CheckCartTest.a_user_who_added_a_laptop_to_cart(CheckCartTest.java:14) ~[test-classes/:?]
	at jdk.internal.reflect.NativeMethodAccessorImpl.invoke0(Native Method) ~[?:?]
	at jdk.internal.reflect.NativeMethodAccessorImpl.invoke(NativeMethodAccessorImpl.java:62) ~[?:?]
	at jdk.internal.reflect.DelegatingMethodAccessorImpl.invoke(DelegatingMethodAccessorImpl.java:43) ~[?:?]
	at java.lang.reflect.Method.invoke(Method.java:566) ~[?:?]
	at io.cucumber.java.Invoker.doInvoke(Invoker.java:66) ~[cucumber-java-7.8.1.jar:7.8.1]
	at io.cucumber.java.Invoker.invoke(Invoker.java:24) ~[cucumber-java-7.8.1.jar:7.8.1]
	at io.cucumber.java.AbstractGlueDefinition.invokeMethod(AbstractGlueDefinition.java:47) ~[cucumber-java-7.8.1.jar:7.8.1]
	at io.cucumber.java.JavaStepDefinition.execute(JavaStepDefinition.java:29) ~[cucumber-java-7.8.1.jar:7.8.1]
	at io.cucumber.core.runner.CoreStepDefinition.execute(CoreStepDefinition.java:66) ~[cucumber-core-7.8.1.jar:7.8.1]
	at io.cucumber.core.runner.PickleStepDefinitionMatch.runStep(PickleStepDefinitionMatch.java:63) ~[cucumber-core-7.8.1.jar:7.8.1]
	at io.cucumber.core.runner.ExecutionMode$1.execute(ExecutionMode.java:10) ~[cucumber-core-7.8.1.jar:7.8.1]
	at io.cucumber.core.runner.TestStep.executeStep(TestStep.java:85) ~[cucumber-core-7.8.1.jar:7.8.1]
	at io.cucumber.core.runner.TestStep.run(TestStep.java:57) ~[cucumber-core-7.8.1.jar:7.8.1]
	at io.cucumber.core.runner.PickleStepTestStep.run(PickleStepTestStep.java:51) ~[cucumber-core-7.8.1.jar:7.8.1]
	at io.cucumber.core.runner.TestCase.run(TestCase.java:84) ~[cucumber-core-7.8.1.jar:7.8.1]
	at io.cucumber.core.runner.Runner.runPickle(Runner.java:75) ~[cucumber-core-7.8.1.jar:7.8.1]
	at io.cucumber.core.runtime.Runtime.lambda$executePickle$6(Runtime.java:128) ~[cucumber-core-7.8.1.jar:7.8.1]
	at io.cucumber.core.runtime.CucumberExecutionContext.lambda$runTestCase$5(CucumberExecutionContext.java:129) ~[cucumber-core-7.8.1.jar:7.8.1]
	at io.cucumber.core.runtime.RethrowingThrowableCollector.executeAndThrow(RethrowingThrowableCollector.java:23) ~[cucumber-core-7.8.1.jar:7.8.1]
	at io.cucumber.core.runtime.CucumberExecutionContext.runTestCase(CucumberExecutionContext.java:129) ~[cucumber-core-7.8.1.jar:7.8.1]
	at io.cucumber.core.runtime.Runtime.lambda$executePickle$7(Runtime.java:128) ~[cucumber-core-7.8.1.jar:7.8.1]
	at java.util.concurrent.Executors$RunnableAdapter.call(Executors.java:515) ~[?:?]
	at java.util.concurrent.FutureTask.run(FutureTask.java:264) ~[?:?]
	at io.cucumber.core.runtime.Runtime$SameThreadExecutorService.execute(Runtime.java:249) ~[cucumber-core-7.8.1.jar:7.8.1]
	at java.util.concurrent.AbstractExecutorService.submit(AbstractExecutorService.java:118) ~[?:?]
	at io.cucumber.core.runtime.Runtime.lambda$runFeatures$3(Runtime.java:110) ~[cucumber-core-7.8.1.jar:7.8.1]
	at java.util.stream.ReferencePipeline$3$1.accept(ReferencePipeline.java:195) ~[?:?]
	at java.util.stream.SliceOps$1$1.accept(SliceOps.java:199) ~[?:?]
	at java.util.ArrayList$ArrayListSpliterator.tryAdvance(ArrayList.java:1632) ~[?:?]
	at java.util.stream.ReferencePipeline.forEachWithCancel(ReferencePipeline.java:127) ~[?:?]
	at java.util.stream.AbstractPipeline.copyIntoWithCancel(AbstractPipeline.java:502) ~[?:?]
	at java.util.stream.AbstractPipeline.copyInto(AbstractPipeline.java:488) ~[?:?]
	at java.util.stream.AbstractPipeline.wrapAndCopyInto(AbstractPipeline.java:474) ~[?:?]
	at java.util.stream.ReduceOps$ReduceOp.evaluateSequential(ReduceOps.java:913) ~[?:?]
	at java.util.stream.AbstractPipeline.evaluate(AbstractPipeline.java:234) ~[?:?]
	at java.util.stream.ReferencePipeline.collect(ReferencePipeline.java:578) ~[?:?]
	at io.cucumber.core.runtime.Runtime.runFeatures(Runtime.java:111) ~[cucumber-core-7.8.1.jar:7.8.1]
	at io.cucumber.core.runtime.Runtime.lambda$run$0(Runtime.java:82) ~[cucumber-core-7.8.1.jar:7.8.1]
	at io.cucumber.core.runtime.Runtime.execute(Runtime.java:94) ~[cucumber-core-7.8.1.jar:7.8.1]
	at io.cucumber.core.runtime.Runtime.run(Runtime.java:80) ~[cucumber-core-7.8.1.jar:7.8.1]
	at io.cucumber.core.cli.Main.run(Main.java:87) ~[cucumber-core-7.8.1.jar:7.8.1]
	at io.cucumber.core.cli.Main.main(Main.java:30) ~[cucumber-core-7.8.1.jar:7.8.1]
2022-10-10 00:04:18.413 DEBUG  -io.netty.util.internal.PlatformDependent0.<clinit>(PlatformDependent0.java:481) io.netty.util.internal.PlatformDependent0 - java.nio.DirectByteBuffer.<init>(long, int): unavailable
2022-10-10 00:04:18.414 DEBUG  -io.netty.util.internal.PlatformDependent.unsafeUnavailabilityCause0(PlatformDependent.java:1159) io.netty.util.internal.PlatformDependent - sun.misc.Unsafe: available
2022-10-10 00:04:18.416 DEBUG  -io.netty.util.internal.PlatformDependent.estimateMaxDirectMemory(PlatformDependent.java:1270) io.netty.util.internal.PlatformDependent - maxDirectMemory: 3170893824 bytes (maybe)
2022-10-10 00:04:18.417 DEBUG  -io.netty.util.internal.PlatformDependent.tmpdir0(PlatformDependent.java:1289) io.netty.util.internal.PlatformDependent - -Dio.netty.tmpdir: C:\Users\Ramses\AppData\Local\Temp (java.io.tmpdir)
2022-10-10 00:04:18.418 DEBUG  -io.netty.util.internal.PlatformDependent.bitMode0(PlatformDependent.java:1368) io.netty.util.internal.PlatformDependent - -Dio.netty.bitMode: 64 (sun.arch.data.model)
2022-10-10 00:04:18.420 DEBUG  -io.netty.util.internal.PlatformDependent.isWindows0(PlatformDependent.java:1119) io.netty.util.internal.PlatformDependent - Platform: Windows
2022-10-10 00:04:18.421 DEBUG  -io.netty.util.internal.PlatformDependent.<clinit>(PlatformDependent.java:178) io.netty.util.internal.PlatformDependent - -Dio.netty.maxDirectMemory: -1 bytes
2022-10-10 00:04:18.422 DEBUG  -io.netty.util.internal.PlatformDependent.<clinit>(PlatformDependent.java:185) io.netty.util.internal.PlatformDependent - -Dio.netty.uninitializedArrayAllocationThreshold: -1
2022-10-10 00:04:18.423 DEBUG  -io.netty.util.internal.CleanerJava9.<clinit>(CleanerJava9.java:71) io.netty.util.internal.CleanerJava9 - java.nio.ByteBuffer.cleaner(): available
2022-10-10 00:04:18.424 DEBUG  -io.netty.util.internal.PlatformDependent.<clinit>(PlatformDependent.java:205) io.netty.util.internal.PlatformDependent - -Dio.netty.noPreferDirect: false
2022-10-10 00:04:18.439 DEBUG  -io.netty.util.internal.PlatformDependent$Mpsc.<clinit>(PlatformDependent.java:1010) io.netty.util.internal.PlatformDependent - org.jctools-core.MpscChunkedArrayQueue: available
2022-10-10 00:04:18.480 DEBUG  -io.netty.util.internal.InternalThreadLocalMap.<clinit>(InternalThreadLocalMap.java:86) io.netty.util.internal.InternalThreadLocalMap - -Dio.netty.threadLocalMap.stringBuilder.initialSize: 1024
2022-10-10 00:04:18.481 DEBUG  -io.netty.util.internal.InternalThreadLocalMap.<clinit>(InternalThreadLocalMap.java:89) io.netty.util.internal.InternalThreadLocalMap - -Dio.netty.threadLocalMap.stringBuilder.maxSize: 4096
2022-10-10 00:04:18.532 DEBUG  -io.netty.handler.ssl.JdkSslContext.<clinit>(JdkSslContext.java:83) io.netty.handler.ssl.JdkSslContext - Default protocols (JDK): [TLSv1.3, TLSv1.2] 
2022-10-10 00:04:18.533 DEBUG  -io.netty.handler.ssl.JdkSslContext.<clinit>(JdkSslContext.java:84) io.netty.handler.ssl.JdkSslContext - Default cipher suites (JDK): [TLS_ECDHE_ECDSA_WITH_AES_256_GCM_SHA384, TLS_ECDHE_ECDSA_WITH_AES_128_GCM_SHA256, TLS_ECDHE_RSA_WITH_AES_128_GCM_SHA256, TLS_ECDHE_RSA_WITH_AES_256_GCM_SHA384, TLS_ECDHE_RSA_WITH_AES_128_CBC_SHA, TLS_ECDHE_RSA_WITH_AES_256_CBC_SHA, TLS_RSA_WITH_AES_128_GCM_SHA256, TLS_RSA_WITH_AES_128_CBC_SHA, TLS_RSA_WITH_AES_256_CBC_SHA, TLS_AES_128_GCM_SHA256, TLS_AES_256_GCM_SHA384]
2022-10-10 00:04:18.589 DEBUG  -io.netty.channel.MultithreadEventLoopGroup.<clinit>(MultithreadEventLoopGroup.java:44) io.netty.channel.MultithreadEventLoopGroup - -Dio.netty.eventLoopThreads: 8
2022-10-10 00:04:18.606 DEBUG  -io.netty.channel.nio.NioEventLoop.<clinit>(NioEventLoop.java:109) io.netty.channel.nio.NioEventLoop - -Dio.netty.noKeySetOptimization: false
2022-10-10 00:04:18.607 DEBUG  -io.netty.channel.nio.NioEventLoop.<clinit>(NioEventLoop.java:110) io.netty.channel.nio.NioEventLoop - -Dio.netty.selectorAutoRebuildThreshold: 512
2022-10-10 00:04:18.695 DEBUG  -io.netty.buffer.PooledByteBufAllocator.<clinit>(PooledByteBufAllocator.java:157) io.netty.buffer.PooledByteBufAllocator - -Dio.netty.allocator.numHeapArenas: 8
2022-10-10 00:04:18.695 DEBUG  -io.netty.buffer.PooledByteBufAllocator.<clinit>(PooledByteBufAllocator.java:158) io.netty.buffer.PooledByteBufAllocator - -Dio.netty.allocator.numDirectArenas: 8
2022-10-10 00:04:18.696 DEBUG  -io.netty.buffer.PooledByteBufAllocator.<clinit>(PooledByteBufAllocator.java:160) io.netty.buffer.PooledByteBufAllocator - -Dio.netty.allocator.pageSize: 8192
2022-10-10 00:04:18.696 DEBUG  -io.netty.buffer.PooledByteBufAllocator.<clinit>(PooledByteBufAllocator.java:165) io.netty.buffer.PooledByteBufAllocator - -Dio.netty.allocator.maxOrder: 9
2022-10-10 00:04:18.696 DEBUG  -io.netty.buffer.PooledByteBufAllocator.<clinit>(PooledByteBufAllocator.java:169) io.netty.buffer.PooledByteBufAllocator - -Dio.netty.allocator.chunkSize: 4194304
2022-10-10 00:04:18.696 DEBUG  -io.netty.buffer.PooledByteBufAllocator.<clinit>(PooledByteBufAllocator.java:170) io.netty.buffer.PooledByteBufAllocator - -Dio.netty.allocator.smallCacheSize: 256
2022-10-10 00:04:18.696 DEBUG  -io.netty.buffer.PooledByteBufAllocator.<clinit>(PooledByteBufAllocator.java:171) io.netty.buffer.PooledByteBufAllocator - -Dio.netty.allocator.normalCacheSize: 64
2022-10-10 00:04:18.697 DEBUG  -io.netty.buffer.PooledByteBufAllocator.<clinit>(PooledByteBufAllocator.java:172) io.netty.buffer.PooledByteBufAllocator - -Dio.netty.allocator.maxCachedBufferCapacity: 32768
2022-10-10 00:04:18.697 DEBUG  -io.netty.buffer.PooledByteBufAllocator.<clinit>(PooledByteBufAllocator.java:173) io.netty.buffer.PooledByteBufAllocator - -Dio.netty.allocator.cacheTrimInterval: 8192
2022-10-10 00:04:18.698 DEBUG  -io.netty.buffer.PooledByteBufAllocator.<clinit>(PooledByteBufAllocator.java:174) io.netty.buffer.PooledByteBufAllocator - -Dio.netty.allocator.cacheTrimIntervalMillis: 0
2022-10-10 00:04:18.698 DEBUG  -io.netty.buffer.PooledByteBufAllocator.<clinit>(PooledByteBufAllocator.java:175) io.netty.buffer.PooledByteBufAllocator - -Dio.netty.allocator.useCacheForAllThreads: false
2022-10-10 00:04:18.698 DEBUG  -io.netty.buffer.PooledByteBufAllocator.<clinit>(PooledByteBufAllocator.java:176) io.netty.buffer.PooledByteBufAllocator - -Dio.netty.allocator.maxCachedByteBuffersPerChunk: 1023
2022-10-10 00:04:18.719 DEBUG  -io.netty.buffer.ByteBufUtil.<clinit>(ByteBufUtil.java:87) io.netty.buffer.ByteBufUtil - -Dio.netty.allocator.type: pooled
2022-10-10 00:04:18.720 DEBUG  -io.netty.buffer.ByteBufUtil.<clinit>(ByteBufUtil.java:96) io.netty.buffer.ByteBufUtil - -Dio.netty.threadLocalDirectBufferSize: 0
2022-10-10 00:04:18.721 DEBUG  -io.netty.buffer.ByteBufUtil.<clinit>(ByteBufUtil.java:99) io.netty.buffer.ByteBufUtil - -Dio.netty.maxThreadLocalCharBufferSize: 16384
2022-10-10 00:04:19.354 DEBUG  -io.netty.channel.DefaultChannelId.<clinit>(DefaultChannelId.java:79) io.netty.channel.DefaultChannelId - -Dio.netty.processId: 28876 (auto-detected)
2022-10-10 00:04:19.360 DEBUG  -io.netty.util.NetUtil.<clinit>(NetUtil.java:136) io.netty.util.NetUtil - -Djava.net.preferIPv4Stack: false
2022-10-10 00:04:19.361 DEBUG  -io.netty.util.NetUtil.<clinit>(NetUtil.java:137) io.netty.util.NetUtil - -Djava.net.preferIPv6Addresses: false
2022-10-10 00:04:19.589 DEBUG  -io.netty.util.NetUtilInitializations.determineLoopback(NetUtilInitializations.java:129) io.netty.util.NetUtilInitializations - Loopback interface: lo (Software Loopback Interface 1, 127.0.0.1)
2022-10-10 00:04:19.590 DEBUG  -io.netty.util.NetUtil$SoMaxConnAction.run(NetUtil.java:191) io.netty.util.NetUtil - Failed to get SOMAXCONN from sysctl and file \proc\sys\net\core\somaxconn. Default: 200
2022-10-10 00:04:19.870 DEBUG  -io.netty.channel.DefaultChannelId.<clinit>(DefaultChannelId.java:101) io.netty.channel.DefaultChannelId - -Dio.netty.machineId: a4:97:b1:ff:fe:72:e4:f5 (auto-detected)
2022-10-10 00:04:19.956 DEBUG  -io.netty.buffer.AbstractByteBuf.<clinit>(AbstractByteBuf.java:63) io.netty.buffer.AbstractByteBuf - -Dio.netty.buffer.checkAccessible: true
2022-10-10 00:04:19.957 DEBUG  -io.netty.buffer.AbstractByteBuf.<clinit>(AbstractByteBuf.java:64) io.netty.buffer.AbstractByteBuf - -Dio.netty.buffer.checkBounds: true
2022-10-10 00:04:19.957 DEBUG  -io.netty.util.ResourceLeakDetectorFactory$DefaultResourceLeakDetectorFactory.newResourceLeakDetector(ResourceLeakDetectorFactory.java:196) io.netty.util.ResourceLeakDetectorFactory - Loaded default ResourceLeakDetector: io.netty.util.ResourceLeakDetector@58a416f
2022-10-10 00:04:19.990 DEBUG  -io.netty.util.Recycler.<clinit>(Recycler.java:85) io.netty.util.Recycler - -Dio.netty.recycler.maxCapacityPerThread: 4096
2022-10-10 00:04:19.990 DEBUG  -io.netty.util.Recycler.<clinit>(Recycler.java:86) io.netty.util.Recycler - -Dio.netty.recycler.ratio: 8
2022-10-10 00:04:19.990 DEBUG  -io.netty.util.Recycler.<clinit>(Recycler.java:87) io.netty.util.Recycler - -Dio.netty.recycler.chunkSize: 32
2022-10-10 00:04:19.990 DEBUG  -io.netty.util.Recycler.<clinit>(Recycler.java:88) io.netty.util.Recycler - -Dio.netty.recycler.blocking: false
2022-10-10 00:04:20.809 DEBUG  -io.netty.handler.codec.compression.Brotli.<clinit>(Brotli.java:38) io.netty.handler.codec.compression.Brotli - brotli4j not in the classpath; Brotli support will be unavailable.
2022-10-10 00:04:21.085 DEBUG  -io.netty.util.internal.ThreadLocalRandom.newSeed(ThreadLocalRandom.java:214) io.netty.util.internal.ThreadLocalRandom - -Dio.netty.initialSeedUniquifier: 0x60d4fe0631352c69
2022-10-10 00:04:21.183 INFO   -com.challenge.config.ConfigPage.setup(ConfigPage.java:33) com.challenge.config.ConfigPage - Setup Chrome OK
2022-10-10 00:04:22.655 INFO   -com.challenge.process.SignUpProcess.visitWebPage(SignUpProcess.java:28) com.challenge.process.SignUpProcess - Url Ok: https://www.demoblaze.com/index.html
2022-10-10 00:04:32.147 INFO   -com.challenge.process.AddLaptopProcess.isAddedToCart(AddLaptopProcess.java:44) com.challenge.process.AddLaptopProcess - Product was added to cart
2022-10-10 00:04:34.736 INFO   -com.challenge.process.CheckCartProcess.isPresent(CheckCartProcess.java:40) com.challenge.process.CheckCartProcess - Check Cart OK
2022-10-10 00:05:01.205 DEBUG  -io.netty.util.internal.logging.InternalLoggerFactory.useLog4J2LoggerFactory(InternalLoggerFactory.java:76) io.netty.util.internal.logging.InternalLoggerFactory - Using Log4J2 as the default logging framework
2022-10-10 00:05:01.234 DEBUG  -io.netty.util.ResourceLeakDetector.<clinit>(ResourceLeakDetector.java:129) io.netty.util.ResourceLeakDetector - -Dio.netty.leakDetection.level: simple
2022-10-10 00:05:01.240 DEBUG  -io.netty.util.ResourceLeakDetector.<clinit>(ResourceLeakDetector.java:130) io.netty.util.ResourceLeakDetector - -Dio.netty.leakDetection.targetRecords: 4
2022-10-10 00:05:01.253 DEBUG  -io.netty.util.ResourceLeakDetectorFactory$DefaultResourceLeakDetectorFactory.newResourceLeakDetector(ResourceLeakDetectorFactory.java:196) io.netty.util.ResourceLeakDetectorFactory - Loaded default ResourceLeakDetector: io.netty.util.ResourceLeakDetector@2a9ea03f
2022-10-10 00:05:01.359 DEBUG  -io.netty.util.internal.PlatformDependent0.explicitNoUnsafeCause0(PlatformDependent0.java:495) io.netty.util.internal.PlatformDependent0 - -Dio.netty.noUnsafe: false
2022-10-10 00:05:01.359 DEBUG  -io.netty.util.internal.PlatformDependent0.javaVersion0(PlatformDependent0.java:998) io.netty.util.internal.PlatformDependent0 - Java version: 16
2022-10-10 00:05:01.362 DEBUG  -io.netty.util.internal.PlatformDependent0.<clinit>(PlatformDependent0.java:136) io.netty.util.internal.PlatformDependent0 - sun.misc.Unsafe.theUnsafe: available
2022-10-10 00:05:01.365 DEBUG  -io.netty.util.internal.PlatformDependent0.<clinit>(PlatformDependent0.java:160) io.netty.util.internal.PlatformDependent0 - sun.misc.Unsafe.copyMemory: available
2022-10-10 00:05:01.370 DEBUG  -io.netty.util.internal.PlatformDependent0.<clinit>(PlatformDependent0.java:192) io.netty.util.internal.PlatformDependent0 - sun.misc.Unsafe.storeFence: available
2022-10-10 00:05:01.373 DEBUG  -io.netty.util.internal.PlatformDependent0.<clinit>(PlatformDependent0.java:235) io.netty.util.internal.PlatformDependent0 - java.nio.Buffer.address: available
2022-10-10 00:05:01.375 DEBUG  -io.netty.util.internal.PlatformDependent0.<clinit>(PlatformDependent0.java:316) io.netty.util.internal.PlatformDependent0 - direct buffer constructor: unavailable
java.lang.UnsupportedOperationException: Reflective setAccessible(true) disabled
	at io.netty.util.internal.ReflectionUtil.trySetAccessible(ReflectionUtil.java:31) ~[netty-common-4.1.79.Final.jar:4.1.79.Final]
	at io.netty.util.internal.PlatformDependent0$5.run(PlatformDependent0.java:287) ~[netty-common-4.1.79.Final.jar:4.1.79.Final]
	at java.security.AccessController.doPrivileged(AccessController.java:312) ~[?:?]
	at io.netty.util.internal.PlatformDependent0.<clinit>(PlatformDependent0.java:281) ~[netty-common-4.1.79.Final.jar:4.1.79.Final]
	at io.netty.util.internal.PlatformDependent.isAndroid(PlatformDependent.java:333) ~[netty-common-4.1.79.Final.jar:4.1.79.Final]
	at io.netty.util.internal.PlatformDependent.<clinit>(PlatformDependent.java:88) ~[netty-common-4.1.79.Final.jar:4.1.79.Final]
	at io.netty.util.HashedWheelTimer.<init>(HashedWheelTimer.java:114) ~[netty-common-4.1.79.Final.jar:4.1.79.Final]
	at io.netty.util.HashedWheelTimer.<init>(HashedWheelTimer.java:251) ~[netty-common-4.1.79.Final.jar:4.1.79.Final]
	at io.netty.util.HashedWheelTimer.<init>(HashedWheelTimer.java:224) ~[netty-common-4.1.79.Final.jar:4.1.79.Final]
	at io.netty.util.HashedWheelTimer.<init>(HashedWheelTimer.java:203) ~[netty-common-4.1.79.Final.jar:4.1.79.Final]
	at org.asynchttpclient.DefaultAsyncHttpClient.newNettyTimer(DefaultAsyncHttpClient.java:111) ~[async-http-client-2.12.3.jar:?]
	at org.asynchttpclient.DefaultAsyncHttpClient.<init>(DefaultAsyncHttpClient.java:90) ~[async-http-client-2.12.3.jar:?]
	at org.asynchttpclient.Dsl.asyncHttpClient(Dsl.java:32) ~[async-http-client-2.12.3.jar:?]
	at org.openqa.selenium.remote.http.netty.NettyClient.createHttpClient(NettyClient.java:94) ~[selenium-remote-driver-4.5.0.jar:?]
	at org.openqa.selenium.remote.http.netty.NettyClient.<clinit>(NettyClient.java:47) ~[selenium-remote-driver-4.5.0.jar:?]
	at org.openqa.selenium.remote.http.netty.NettyClient$Factory.createClient(NettyClient.java:135) ~[selenium-remote-driver-4.5.0.jar:?]
	at org.openqa.selenium.remote.HttpCommandExecutor.<init>(HttpCommandExecutor.java:107) ~[selenium-remote-driver-4.5.0.jar:?]
	at org.openqa.selenium.remote.HttpCommandExecutor.<init>(HttpCommandExecutor.java:94) ~[selenium-remote-driver-4.5.0.jar:?]
	at org.openqa.selenium.remote.HttpCommandExecutor.<init>(HttpCommandExecutor.java:85) ~[selenium-remote-driver-4.5.0.jar:?]
	at org.openqa.selenium.remote.service.DriverCommandExecutor.<init>(DriverCommandExecutor.java:80) ~[selenium-remote-driver-4.5.0.jar:?]
	at org.openqa.selenium.chromium.ChromiumDriverCommandExecutor.<init>(ChromiumDriverCommandExecutor.java:35) ~[selenium-chromium-driver-4.5.0.jar:?]
	at org.openqa.selenium.chrome.ChromeDriver$ChromeDriverCommandExecutor.<init>(ChromeDriver.java:93) ~[selenium-chrome-driver-4.5.0.jar:?]
	at org.openqa.selenium.chrome.ChromeDriver.<init>(ChromeDriver.java:81) ~[selenium-chrome-driver-4.5.0.jar:?]
	at org.openqa.selenium.chrome.ChromeDriver.<init>(ChromeDriver.java:49) ~[selenium-chrome-driver-4.5.0.jar:?]
	at jdk.internal.reflect.NativeConstructorAccessorImpl.newInstance0(Native Method) ~[?:?]
	at jdk.internal.reflect.NativeConstructorAccessorImpl.newInstance(NativeConstructorAccessorImpl.java:78) ~[?:?]
	at jdk.internal.reflect.DelegatingConstructorAccessorImpl.newInstance(DelegatingConstructorAccessorImpl.java:45) ~[?:?]
	at java.lang.reflect.Constructor.newInstanceWithCaller(Constructor.java:499) ~[?:?]
	at java.lang.reflect.Constructor.newInstance(Constructor.java:480) ~[?:?]
	at io.github.bonigarcia.wdm.webdriver.WebDriverCreator.createLocalWebDriver(WebDriverCreator.java:64) ~[webdrivermanager-5.3.0.jar:?]
	at io.github.bonigarcia.wdm.WebDriverManager.createLocalWebDriver(WebDriverManager.java:1948) ~[webdrivermanager-5.3.0.jar:?]
	at io.github.bonigarcia.wdm.WebDriverManager.instantiateDriver(WebDriverManager.java:1763) ~[webdrivermanager-5.3.0.jar:?]
	at io.github.bonigarcia.wdm.WebDriverManager.create(WebDriverManager.java:424) ~[webdrivermanager-5.3.0.jar:?]
	at com.challenge.config.ConfigPage.setup(ConfigPage.java:32) ~[classes/:?]
	at com.challenge.process.SignUpProcess.visitWebPage(SignUpProcess.java:26) ~[classes/:?]
	at com.challenge.test.defs.SignUpUserTest.a_user_visits_the_webpage(SignUpUserTest.java:15) ~[test-classes/:?]
	at jdk.internal.reflect.NativeMethodAccessorImpl.invoke0(Native Method) ~[?:?]
	at jdk.internal.reflect.NativeMethodAccessorImpl.invoke(NativeMethodAccessorImpl.java:78) ~[?:?]
	at jdk.internal.reflect.DelegatingMethodAccessorImpl.invoke(DelegatingMethodAccessorImpl.java:43) ~[?:?]
	at java.lang.reflect.Method.invoke(Method.java:567) ~[?:?]
	at io.cucumber.java.Invoker.doInvoke(Invoker.java:66) ~[cucumber-java-7.8.1.jar:7.8.1]
	at io.cucumber.java.Invoker.invoke(Invoker.java:24) ~[cucumber-java-7.8.1.jar:7.8.1]
	at io.cucumber.java.AbstractGlueDefinition.invokeMethod(AbstractGlueDefinition.java:47) ~[cucumber-java-7.8.1.jar:7.8.1]
	at io.cucumber.java.JavaStepDefinition.execute(JavaStepDefinition.java:29) ~[cucumber-java-7.8.1.jar:7.8.1]
	at io.cucumber.core.runner.CoreStepDefinition.execute(CoreStepDefinition.java:66) ~[cucumber-core-7.8.1.jar:7.8.1]
	at io.cucumber.core.runner.PickleStepDefinitionMatch.runStep(PickleStepDefinitionMatch.java:63) ~[cucumber-core-7.8.1.jar:7.8.1]
	at io.cucumber.core.runner.ExecutionMode$1.execute(ExecutionMode.java:10) ~[cucumber-core-7.8.1.jar:7.8.1]
	at io.cucumber.core.runner.TestStep.executeStep(TestStep.java:85) ~[cucumber-core-7.8.1.jar:7.8.1]
	at io.cucumber.core.runner.TestStep.run(TestStep.java:57) ~[cucumber-core-7.8.1.jar:7.8.1]
	at io.cucumber.core.runner.PickleStepTestStep.run(PickleStepTestStep.java:51) ~[cucumber-core-7.8.1.jar:7.8.1]
	at io.cucumber.core.runner.TestCase.run(TestCase.java:84) ~[cucumber-core-7.8.1.jar:7.8.1]
	at io.cucumber.core.runner.Runner.runPickle(Runner.java:75) ~[cucumber-core-7.8.1.jar:7.8.1]
	at io.cucumber.testng.TestNGCucumberRunner.lambda$runScenario$1(TestNGCucumberRunner.java:132) ~[cucumber-testng-7.8.1.jar:7.8.1]
	at io.cucumber.core.runtime.CucumberExecutionContext.lambda$runTestCase$5(CucumberExecutionContext.java:129) ~[cucumber-core-7.8.1.jar:7.8.1]
	at io.cucumber.core.runtime.RethrowingThrowableCollector.executeAndThrow(RethrowingThrowableCollector.java:23) ~[cucumber-core-7.8.1.jar:7.8.1]
	at io.cucumber.core.runtime.CucumberExecutionContext.runTestCase(CucumberExecutionContext.java:129) ~[cucumber-core-7.8.1.jar:7.8.1]
	at io.cucumber.testng.TestNGCucumberRunner.runScenario(TestNGCucumberRunner.java:129) ~[cucumber-testng-7.8.1.jar:7.8.1]
	at io.cucumber.testng.AbstractTestNGCucumberTests.runScenario(AbstractTestNGCucumberTests.java:35) ~[cucumber-testng-7.8.1.jar:7.8.1]
	at jdk.internal.reflect.NativeMethodAccessorImpl.invoke0(Native Method) ~[?:?]
	at jdk.internal.reflect.NativeMethodAccessorImpl.invoke(NativeMethodAccessorImpl.java:78) ~[?:?]
	at jdk.internal.reflect.DelegatingMethodAccessorImpl.invoke(DelegatingMethodAccessorImpl.java:43) ~[?:?]
	at java.lang.reflect.Method.invoke(Method.java:567) ~[?:?]
	at org.testng.internal.invokers.MethodInvocationHelper.invokeMethod(MethodInvocationHelper.java:139) ~[testng-7.6.1.jar:7.6.1]
	at org.testng.internal.invokers.TestInvoker.invokeMethod(TestInvoker.java:677) ~[testng-7.6.1.jar:7.6.1]
	at org.testng.internal.invokers.TestInvoker.invokeTestMethod(TestInvoker.java:221) ~[testng-7.6.1.jar:7.6.1]
	at org.testng.internal.invokers.MethodRunner.runInSequence(MethodRunner.java:50) ~[testng-7.6.1.jar:7.6.1]
	at org.testng.internal.invokers.TestInvoker$MethodInvocationAgent.invoke(TestInvoker.java:962) ~[testng-7.6.1.jar:7.6.1]
	at org.testng.internal.invokers.TestInvoker.invokeTestMethods(TestInvoker.java:194) ~[testng-7.6.1.jar:7.6.1]
	at org.testng.internal.invokers.TestMethodWorker.invokeTestMethods(TestMethodWorker.java:148) ~[testng-7.6.1.jar:7.6.1]
	at org.testng.internal.invokers.TestMethodWorker.run(TestMethodWorker.java:128) ~[testng-7.6.1.jar:7.6.1]
	at java.util.ArrayList.forEach(ArrayList.java:1511) ~[?:?]
	at org.testng.TestRunner.privateRun(TestRunner.java:806) ~[testng-7.6.1.jar:7.6.1]
	at org.testng.TestRunner.run(TestRunner.java:601) ~[testng-7.6.1.jar:7.6.1]
	at org.testng.SuiteRunner.runTest(SuiteRunner.java:433) ~[testng-7.6.1.jar:7.6.1]
	at org.testng.SuiteRunner.runSequentially(SuiteRunner.java:427) ~[testng-7.6.1.jar:7.6.1]
	at org.testng.SuiteRunner.privateRun(SuiteRunner.java:387) ~[testng-7.6.1.jar:7.6.1]
	at org.testng.SuiteRunner.run(SuiteRunner.java:330) ~[testng-7.6.1.jar:7.6.1]
	at org.testng.SuiteRunnerWorker.runSuite(SuiteRunnerWorker.java:52) ~[testng-7.6.1.jar:7.6.1]
	at org.testng.SuiteRunnerWorker.run(SuiteRunnerWorker.java:95) ~[testng-7.6.1.jar:7.6.1]
	at org.testng.TestNG.runSuitesSequentially(TestNG.java:1256) ~[testng-7.6.1.jar:7.6.1]
	at org.testng.TestNG.runSuitesLocally(TestNG.java:1176) ~[testng-7.6.1.jar:7.6.1]
	at org.testng.TestNG.runSuites(TestNG.java:1099) ~[testng-7.6.1.jar:7.6.1]
	at org.testng.TestNG.run(TestNG.java:1067) ~[testng-7.6.1.jar:7.6.1]
	at org.apache.maven.surefire.testng.TestNGExecutor.run(TestNGExecutor.java:281) ~[surefire-testng-2.19.1.jar:2.19.1]
	at org.apache.maven.surefire.testng.TestNGXmlTestSuite.execute(TestNGXmlTestSuite.java:75) ~[surefire-testng-2.19.1.jar:2.19.1]
	at org.apache.maven.surefire.testng.TestNGProvider.invoke(TestNGProvider.java:121) ~[surefire-testng-2.19.1.jar:2.19.1]
	at org.apache.maven.surefire.booter.ForkedBooter.invokeProviderInSameClassLoader(ForkedBooter.java:290) ~[surefire-booter-2.19.1.jar:2.19.1]
	at org.apache.maven.surefire.booter.ForkedBooter.runSuitesInProcess(ForkedBooter.java:242) ~[surefire-booter-2.19.1.jar:2.19.1]
	at org.apache.maven.surefire.booter.ForkedBooter.main(ForkedBooter.java:121) ~[surefire-booter-2.19.1.jar:2.19.1]
2022-10-10 00:05:01.394 DEBUG  -io.netty.util.internal.PlatformDependent0.<clinit>(PlatformDependent0.java:384) io.netty.util.internal.PlatformDependent0 - java.nio.Bits.unaligned: available, true
2022-10-10 00:05:01.409 DEBUG  -io.netty.util.internal.PlatformDependent0.<clinit>(PlatformDependent0.java:448) io.netty.util.internal.PlatformDependent0 - jdk.internal.misc.Unsafe.allocateUninitializedArray(int): unavailable
java.lang.IllegalAccessException: class io.netty.util.internal.PlatformDependent0$7 cannot access class jdk.internal.misc.Unsafe (in module java.base) because module java.base does not export jdk.internal.misc to unnamed module @483bf400
	at jdk.internal.reflect.Reflection.newIllegalAccessException(Reflection.java:385) ~[?:?]
	at java.lang.reflect.AccessibleObject.checkAccess(AccessibleObject.java:687) ~[?:?]
	at java.lang.reflect.Method.invoke(Method.java:559) ~[?:?]
	at io.netty.util.internal.PlatformDependent0$7.run(PlatformDependent0.java:409) ~[netty-common-4.1.79.Final.jar:4.1.79.Final]
	at java.security.AccessController.doPrivileged(AccessController.java:312) ~[?:?]
	at io.netty.util.internal.PlatformDependent0.<clinit>(PlatformDependent0.java:400) ~[netty-common-4.1.79.Final.jar:4.1.79.Final]
	at io.netty.util.internal.PlatformDependent.isAndroid(PlatformDependent.java:333) ~[netty-common-4.1.79.Final.jar:4.1.79.Final]
	at io.netty.util.internal.PlatformDependent.<clinit>(PlatformDependent.java:88) ~[netty-common-4.1.79.Final.jar:4.1.79.Final]
	at io.netty.util.HashedWheelTimer.<init>(HashedWheelTimer.java:114) ~[netty-common-4.1.79.Final.jar:4.1.79.Final]
	at io.netty.util.HashedWheelTimer.<init>(HashedWheelTimer.java:251) ~[netty-common-4.1.79.Final.jar:4.1.79.Final]
	at io.netty.util.HashedWheelTimer.<init>(HashedWheelTimer.java:224) ~[netty-common-4.1.79.Final.jar:4.1.79.Final]
	at io.netty.util.HashedWheelTimer.<init>(HashedWheelTimer.java:203) ~[netty-common-4.1.79.Final.jar:4.1.79.Final]
	at org.asynchttpclient.DefaultAsyncHttpClient.newNettyTimer(DefaultAsyncHttpClient.java:111) ~[async-http-client-2.12.3.jar:?]
	at org.asynchttpclient.DefaultAsyncHttpClient.<init>(DefaultAsyncHttpClient.java:90) ~[async-http-client-2.12.3.jar:?]
	at org.asynchttpclient.Dsl.asyncHttpClient(Dsl.java:32) ~[async-http-client-2.12.3.jar:?]
	at org.openqa.selenium.remote.http.netty.NettyClient.createHttpClient(NettyClient.java:94) ~[selenium-remote-driver-4.5.0.jar:?]
	at org.openqa.selenium.remote.http.netty.NettyClient.<clinit>(NettyClient.java:47) ~[selenium-remote-driver-4.5.0.jar:?]
	at org.openqa.selenium.remote.http.netty.NettyClient$Factory.createClient(NettyClient.java:135) ~[selenium-remote-driver-4.5.0.jar:?]
	at org.openqa.selenium.remote.HttpCommandExecutor.<init>(HttpCommandExecutor.java:107) ~[selenium-remote-driver-4.5.0.jar:?]
	at org.openqa.selenium.remote.HttpCommandExecutor.<init>(HttpCommandExecutor.java:94) ~[selenium-remote-driver-4.5.0.jar:?]
	at org.openqa.selenium.remote.HttpCommandExecutor.<init>(HttpCommandExecutor.java:85) ~[selenium-remote-driver-4.5.0.jar:?]
	at org.openqa.selenium.remote.service.DriverCommandExecutor.<init>(DriverCommandExecutor.java:80) ~[selenium-remote-driver-4.5.0.jar:?]
	at org.openqa.selenium.chromium.ChromiumDriverCommandExecutor.<init>(ChromiumDriverCommandExecutor.java:35) ~[selenium-chromium-driver-4.5.0.jar:?]
	at org.openqa.selenium.chrome.ChromeDriver$ChromeDriverCommandExecutor.<init>(ChromeDriver.java:93) ~[selenium-chrome-driver-4.5.0.jar:?]
	at org.openqa.selenium.chrome.ChromeDriver.<init>(ChromeDriver.java:81) ~[selenium-chrome-driver-4.5.0.jar:?]
	at org.openqa.selenium.chrome.ChromeDriver.<init>(ChromeDriver.java:49) ~[selenium-chrome-driver-4.5.0.jar:?]
	at jdk.internal.reflect.NativeConstructorAccessorImpl.newInstance0(Native Method) ~[?:?]
	at jdk.internal.reflect.NativeConstructorAccessorImpl.newInstance(NativeConstructorAccessorImpl.java:78) ~[?:?]
	at jdk.internal.reflect.DelegatingConstructorAccessorImpl.newInstance(DelegatingConstructorAccessorImpl.java:45) ~[?:?]
	at java.lang.reflect.Constructor.newInstanceWithCaller(Constructor.java:499) ~[?:?]
	at java.lang.reflect.Constructor.newInstance(Constructor.java:480) ~[?:?]
	at io.github.bonigarcia.wdm.webdriver.WebDriverCreator.createLocalWebDriver(WebDriverCreator.java:64) ~[webdrivermanager-5.3.0.jar:?]
	at io.github.bonigarcia.wdm.WebDriverManager.createLocalWebDriver(WebDriverManager.java:1948) ~[webdrivermanager-5.3.0.jar:?]
	at io.github.bonigarcia.wdm.WebDriverManager.instantiateDriver(WebDriverManager.java:1763) ~[webdrivermanager-5.3.0.jar:?]
	at io.github.bonigarcia.wdm.WebDriverManager.create(WebDriverManager.java:424) ~[webdrivermanager-5.3.0.jar:?]
	at com.challenge.config.ConfigPage.setup(ConfigPage.java:32) ~[classes/:?]
	at com.challenge.process.SignUpProcess.visitWebPage(SignUpProcess.java:26) ~[classes/:?]
	at com.challenge.test.defs.SignUpUserTest.a_user_visits_the_webpage(SignUpUserTest.java:15) ~[test-classes/:?]
	at jdk.internal.reflect.NativeMethodAccessorImpl.invoke0(Native Method) ~[?:?]
	at jdk.internal.reflect.NativeMethodAccessorImpl.invoke(NativeMethodAccessorImpl.java:78) ~[?:?]
	at jdk.internal.reflect.DelegatingMethodAccessorImpl.invoke(DelegatingMethodAccessorImpl.java:43) ~[?:?]
	at java.lang.reflect.Method.invoke(Method.java:567) ~[?:?]
	at io.cucumber.java.Invoker.doInvoke(Invoker.java:66) ~[cucumber-java-7.8.1.jar:7.8.1]
	at io.cucumber.java.Invoker.invoke(Invoker.java:24) ~[cucumber-java-7.8.1.jar:7.8.1]
	at io.cucumber.java.AbstractGlueDefinition.invokeMethod(AbstractGlueDefinition.java:47) ~[cucumber-java-7.8.1.jar:7.8.1]
	at io.cucumber.java.JavaStepDefinition.execute(JavaStepDefinition.java:29) ~[cucumber-java-7.8.1.jar:7.8.1]
	at io.cucumber.core.runner.CoreStepDefinition.execute(CoreStepDefinition.java:66) ~[cucumber-core-7.8.1.jar:7.8.1]
	at io.cucumber.core.runner.PickleStepDefinitionMatch.runStep(PickleStepDefinitionMatch.java:63) ~[cucumber-core-7.8.1.jar:7.8.1]
	at io.cucumber.core.runner.ExecutionMode$1.execute(ExecutionMode.java:10) ~[cucumber-core-7.8.1.jar:7.8.1]
	at io.cucumber.core.runner.TestStep.executeStep(TestStep.java:85) ~[cucumber-core-7.8.1.jar:7.8.1]
	at io.cucumber.core.runner.TestStep.run(TestStep.java:57) ~[cucumber-core-7.8.1.jar:7.8.1]
	at io.cucumber.core.runner.PickleStepTestStep.run(PickleStepTestStep.java:51) ~[cucumber-core-7.8.1.jar:7.8.1]
	at io.cucumber.core.runner.TestCase.run(TestCase.java:84) ~[cucumber-core-7.8.1.jar:7.8.1]
	at io.cucumber.core.runner.Runner.runPickle(Runner.java:75) ~[cucumber-core-7.8.1.jar:7.8.1]
	at io.cucumber.testng.TestNGCucumberRunner.lambda$runScenario$1(TestNGCucumberRunner.java:132) ~[cucumber-testng-7.8.1.jar:7.8.1]
	at io.cucumber.core.runtime.CucumberExecutionContext.lambda$runTestCase$5(CucumberExecutionContext.java:129) ~[cucumber-core-7.8.1.jar:7.8.1]
	at io.cucumber.core.runtime.RethrowingThrowableCollector.executeAndThrow(RethrowingThrowableCollector.java:23) ~[cucumber-core-7.8.1.jar:7.8.1]
	at io.cucumber.core.runtime.CucumberExecutionContext.runTestCase(CucumberExecutionContext.java:129) ~[cucumber-core-7.8.1.jar:7.8.1]
	at io.cucumber.testng.TestNGCucumberRunner.runScenario(TestNGCucumberRunner.java:129) ~[cucumber-testng-7.8.1.jar:7.8.1]
	at io.cucumber.testng.AbstractTestNGCucumberTests.runScenario(AbstractTestNGCucumberTests.java:35) ~[cucumber-testng-7.8.1.jar:7.8.1]
	at jdk.internal.reflect.NativeMethodAccessorImpl.invoke0(Native Method) ~[?:?]
	at jdk.internal.reflect.NativeMethodAccessorImpl.invoke(NativeMethodAccessorImpl.java:78) ~[?:?]
	at jdk.internal.reflect.DelegatingMethodAccessorImpl.invoke(DelegatingMethodAccessorImpl.java:43) ~[?:?]
	at java.lang.reflect.Method.invoke(Method.java:567) ~[?:?]
	at org.testng.internal.invokers.MethodInvocationHelper.invokeMethod(MethodInvocationHelper.java:139) ~[testng-7.6.1.jar:7.6.1]
	at org.testng.internal.invokers.TestInvoker.invokeMethod(TestInvoker.java:677) ~[testng-7.6.1.jar:7.6.1]
	at org.testng.internal.invokers.TestInvoker.invokeTestMethod(TestInvoker.java:221) ~[testng-7.6.1.jar:7.6.1]
	at org.testng.internal.invokers.MethodRunner.runInSequence(MethodRunner.java:50) ~[testng-7.6.1.jar:7.6.1]
	at org.testng.internal.invokers.TestInvoker$MethodInvocationAgent.invoke(TestInvoker.java:962) ~[testng-7.6.1.jar:7.6.1]
	at org.testng.internal.invokers.TestInvoker.invokeTestMethods(TestInvoker.java:194) ~[testng-7.6.1.jar:7.6.1]
	at org.testng.internal.invokers.TestMethodWorker.invokeTestMethods(TestMethodWorker.java:148) ~[testng-7.6.1.jar:7.6.1]
	at org.testng.internal.invokers.TestMethodWorker.run(TestMethodWorker.java:128) ~[testng-7.6.1.jar:7.6.1]
	at java.util.ArrayList.forEach(ArrayList.java:1511) ~[?:?]
	at org.testng.TestRunner.privateRun(TestRunner.java:806) ~[testng-7.6.1.jar:7.6.1]
	at org.testng.TestRunner.run(TestRunner.java:601) ~[testng-7.6.1.jar:7.6.1]
	at org.testng.SuiteRunner.runTest(SuiteRunner.java:433) ~[testng-7.6.1.jar:7.6.1]
	at org.testng.SuiteRunner.runSequentially(SuiteRunner.java:427) ~[testng-7.6.1.jar:7.6.1]
	at org.testng.SuiteRunner.privateRun(SuiteRunner.java:387) ~[testng-7.6.1.jar:7.6.1]
	at org.testng.SuiteRunner.run(SuiteRunner.java:330) ~[testng-7.6.1.jar:7.6.1]
	at org.testng.SuiteRunnerWorker.runSuite(SuiteRunnerWorker.java:52) ~[testng-7.6.1.jar:7.6.1]
	at org.testng.SuiteRunnerWorker.run(SuiteRunnerWorker.java:95) ~[testng-7.6.1.jar:7.6.1]
	at org.testng.TestNG.runSuitesSequentially(TestNG.java:1256) ~[testng-7.6.1.jar:7.6.1]
	at org.testng.TestNG.runSuitesLocally(TestNG.java:1176) ~[testng-7.6.1.jar:7.6.1]
	at org.testng.TestNG.runSuites(TestNG.java:1099) ~[testng-7.6.1.jar:7.6.1]
	at org.testng.TestNG.run(TestNG.java:1067) ~[testng-7.6.1.jar:7.6.1]
	at org.apache.maven.surefire.testng.TestNGExecutor.run(TestNGExecutor.java:281) ~[surefire-testng-2.19.1.jar:2.19.1]
	at org.apache.maven.surefire.testng.TestNGXmlTestSuite.execute(TestNGXmlTestSuite.java:75) ~[surefire-testng-2.19.1.jar:2.19.1]
	at org.apache.maven.surefire.testng.TestNGProvider.invoke(TestNGProvider.java:121) ~[surefire-testng-2.19.1.jar:2.19.1]
	at org.apache.maven.surefire.booter.ForkedBooter.invokeProviderInSameClassLoader(ForkedBooter.java:290) ~[surefire-booter-2.19.1.jar:2.19.1]
	at org.apache.maven.surefire.booter.ForkedBooter.runSuitesInProcess(ForkedBooter.java:242) ~[surefire-booter-2.19.1.jar:2.19.1]
	at org.apache.maven.surefire.booter.ForkedBooter.main(ForkedBooter.java:121) ~[surefire-booter-2.19.1.jar:2.19.1]
2022-10-10 00:05:01.423 DEBUG  -io.netty.util.internal.PlatformDependent0.<clinit>(PlatformDependent0.java:481) io.netty.util.internal.PlatformDependent0 - java.nio.DirectByteBuffer.<init>(long, int): unavailable
2022-10-10 00:05:01.423 DEBUG  -io.netty.util.internal.PlatformDependent.unsafeUnavailabilityCause0(PlatformDependent.java:1159) io.netty.util.internal.PlatformDependent - sun.misc.Unsafe: available
2022-10-10 00:05:01.427 DEBUG  -io.netty.util.internal.PlatformDependent.estimateMaxDirectMemory(PlatformDependent.java:1270) io.netty.util.internal.PlatformDependent - maxDirectMemory: 3170893824 bytes (maybe)
2022-10-10 00:05:01.427 DEBUG  -io.netty.util.internal.PlatformDependent.tmpdir0(PlatformDependent.java:1289) io.netty.util.internal.PlatformDependent - -Dio.netty.tmpdir: C:\Users\Ramses\AppData\Local\Temp (java.io.tmpdir)
2022-10-10 00:05:01.428 DEBUG  -io.netty.util.internal.PlatformDependent.bitMode0(PlatformDependent.java:1368) io.netty.util.internal.PlatformDependent - -Dio.netty.bitMode: 64 (sun.arch.data.model)
2022-10-10 00:05:01.429 DEBUG  -io.netty.util.internal.PlatformDependent.isWindows0(PlatformDependent.java:1119) io.netty.util.internal.PlatformDependent - Platform: Windows
2022-10-10 00:05:01.430 DEBUG  -io.netty.util.internal.PlatformDependent.<clinit>(PlatformDependent.java:178) io.netty.util.internal.PlatformDependent - -Dio.netty.maxDirectMemory: -1 bytes
2022-10-10 00:05:01.431 DEBUG  -io.netty.util.internal.PlatformDependent.<clinit>(PlatformDependent.java:185) io.netty.util.internal.PlatformDependent - -Dio.netty.uninitializedArrayAllocationThreshold: -1
2022-10-10 00:05:01.435 DEBUG  -io.netty.util.internal.CleanerJava9.<clinit>(CleanerJava9.java:71) io.netty.util.internal.CleanerJava9 - java.nio.ByteBuffer.cleaner(): available
2022-10-10 00:05:01.438 DEBUG  -io.netty.util.internal.PlatformDependent.<clinit>(PlatformDependent.java:205) io.netty.util.internal.PlatformDependent - -Dio.netty.noPreferDirect: false
2022-10-10 00:05:01.494 DEBUG  -io.netty.util.internal.PlatformDependent$Mpsc.<clinit>(PlatformDependent.java:1010) io.netty.util.internal.PlatformDependent - org.jctools-core.MpscChunkedArrayQueue: available
2022-10-10 00:05:01.639 DEBUG  -io.netty.util.internal.InternalThreadLocalMap.<clinit>(InternalThreadLocalMap.java:86) io.netty.util.internal.InternalThreadLocalMap - -Dio.netty.threadLocalMap.stringBuilder.initialSize: 1024
2022-10-10 00:05:01.639 DEBUG  -io.netty.util.internal.InternalThreadLocalMap.<clinit>(InternalThreadLocalMap.java:89) io.netty.util.internal.InternalThreadLocalMap - -Dio.netty.threadLocalMap.stringBuilder.maxSize: 4096
2022-10-10 00:05:01.757 DEBUG  -io.netty.handler.ssl.JdkSslContext.<clinit>(JdkSslContext.java:83) io.netty.handler.ssl.JdkSslContext - Default protocols (JDK): [TLSv1.3, TLSv1.2] 
2022-10-10 00:05:01.759 DEBUG  -io.netty.handler.ssl.JdkSslContext.<clinit>(JdkSslContext.java:84) io.netty.handler.ssl.JdkSslContext - Default cipher suites (JDK): [TLS_ECDHE_ECDSA_WITH_AES_256_GCM_SHA384, TLS_ECDHE_ECDSA_WITH_AES_128_GCM_SHA256, TLS_ECDHE_RSA_WITH_AES_128_GCM_SHA256, TLS_ECDHE_RSA_WITH_AES_256_GCM_SHA384, TLS_ECDHE_RSA_WITH_AES_128_CBC_SHA, TLS_ECDHE_RSA_WITH_AES_256_CBC_SHA, TLS_RSA_WITH_AES_128_GCM_SHA256, TLS_RSA_WITH_AES_128_CBC_SHA, TLS_RSA_WITH_AES_256_CBC_SHA, TLS_AES_128_GCM_SHA256, TLS_AES_256_GCM_SHA384]
2022-10-10 00:05:01.880 DEBUG  -io.netty.channel.MultithreadEventLoopGroup.<clinit>(MultithreadEventLoopGroup.java:44) io.netty.channel.MultithreadEventLoopGroup - -Dio.netty.eventLoopThreads: 8
2022-10-10 00:05:01.907 DEBUG  -io.netty.channel.nio.NioEventLoop.<clinit>(NioEventLoop.java:109) io.netty.channel.nio.NioEventLoop - -Dio.netty.noKeySetOptimization: false
2022-10-10 00:05:01.908 DEBUG  -io.netty.channel.nio.NioEventLoop.<clinit>(NioEventLoop.java:110) io.netty.channel.nio.NioEventLoop - -Dio.netty.selectorAutoRebuildThreshold: 512
2022-10-10 00:05:02.087 DEBUG  -io.netty.buffer.PooledByteBufAllocator.<clinit>(PooledByteBufAllocator.java:157) io.netty.buffer.PooledByteBufAllocator - -Dio.netty.allocator.numHeapArenas: 8
2022-10-10 00:05:02.087 DEBUG  -io.netty.buffer.PooledByteBufAllocator.<clinit>(PooledByteBufAllocator.java:158) io.netty.buffer.PooledByteBufAllocator - -Dio.netty.allocator.numDirectArenas: 8
2022-10-10 00:05:02.088 DEBUG  -io.netty.buffer.PooledByteBufAllocator.<clinit>(PooledByteBufAllocator.java:160) io.netty.buffer.PooledByteBufAllocator - -Dio.netty.allocator.pageSize: 8192
2022-10-10 00:05:02.088 DEBUG  -io.netty.buffer.PooledByteBufAllocator.<clinit>(PooledByteBufAllocator.java:165) io.netty.buffer.PooledByteBufAllocator - -Dio.netty.allocator.maxOrder: 9
2022-10-10 00:05:02.089 DEBUG  -io.netty.buffer.PooledByteBufAllocator.<clinit>(PooledByteBufAllocator.java:169) io.netty.buffer.PooledByteBufAllocator - -Dio.netty.allocator.chunkSize: 4194304
2022-10-10 00:05:02.089 DEBUG  -io.netty.buffer.PooledByteBufAllocator.<clinit>(PooledByteBufAllocator.java:170) io.netty.buffer.PooledByteBufAllocator - -Dio.netty.allocator.smallCacheSize: 256
2022-10-10 00:05:02.089 DEBUG  -io.netty.buffer.PooledByteBufAllocator.<clinit>(PooledByteBufAllocator.java:171) io.netty.buffer.PooledByteBufAllocator - -Dio.netty.allocator.normalCacheSize: 64
2022-10-10 00:05:02.090 DEBUG  -io.netty.buffer.PooledByteBufAllocator.<clinit>(PooledByteBufAllocator.java:172) io.netty.buffer.PooledByteBufAllocator - -Dio.netty.allocator.maxCachedBufferCapacity: 32768
2022-10-10 00:05:02.090 DEBUG  -io.netty.buffer.PooledByteBufAllocator.<clinit>(PooledByteBufAllocator.java:173) io.netty.buffer.PooledByteBufAllocator - -Dio.netty.allocator.cacheTrimInterval: 8192
2022-10-10 00:05:02.091 DEBUG  -io.netty.buffer.PooledByteBufAllocator.<clinit>(PooledByteBufAllocator.java:174) io.netty.buffer.PooledByteBufAllocator - -Dio.netty.allocator.cacheTrimIntervalMillis: 0
2022-10-10 00:05:02.091 DEBUG  -io.netty.buffer.PooledByteBufAllocator.<clinit>(PooledByteBufAllocator.java:175) io.netty.buffer.PooledByteBufAllocator - -Dio.netty.allocator.useCacheForAllThreads: false
2022-10-10 00:05:02.091 DEBUG  -io.netty.buffer.PooledByteBufAllocator.<clinit>(PooledByteBufAllocator.java:176) io.netty.buffer.PooledByteBufAllocator - -Dio.netty.allocator.maxCachedByteBuffersPerChunk: 1023
2022-10-10 00:05:02.128 DEBUG  -io.netty.buffer.ByteBufUtil.<clinit>(ByteBufUtil.java:87) io.netty.buffer.ByteBufUtil - -Dio.netty.allocator.type: pooled
2022-10-10 00:05:02.135 DEBUG  -io.netty.buffer.ByteBufUtil.<clinit>(ByteBufUtil.java:96) io.netty.buffer.ByteBufUtil - -Dio.netty.threadLocalDirectBufferSize: 0
2022-10-10 00:05:02.136 DEBUG  -io.netty.buffer.ByteBufUtil.<clinit>(ByteBufUtil.java:99) io.netty.buffer.ByteBufUtil - -Dio.netty.maxThreadLocalCharBufferSize: 16384
2022-10-10 00:05:03.127 DEBUG  -io.netty.channel.DefaultChannelId.<clinit>(DefaultChannelId.java:79) io.netty.channel.DefaultChannelId - -Dio.netty.processId: 32736 (auto-detected)
2022-10-10 00:05:03.143 DEBUG  -io.netty.util.NetUtil.<clinit>(NetUtil.java:136) io.netty.util.NetUtil - -Djava.net.preferIPv4Stack: false
2022-10-10 00:05:03.144 DEBUG  -io.netty.util.NetUtil.<clinit>(NetUtil.java:137) io.netty.util.NetUtil - -Djava.net.preferIPv6Addresses: false
2022-10-10 00:05:03.168 DEBUG  -io.netty.util.NetUtilInitializations.determineLoopback(NetUtilInitializations.java:129) io.netty.util.NetUtilInitializations - Loopback interface: lo (Software Loopback Interface 1, 127.0.0.1)
2022-10-10 00:05:03.171 DEBUG  -io.netty.util.NetUtil$SoMaxConnAction.run(NetUtil.java:191) io.netty.util.NetUtil - Failed to get SOMAXCONN from sysctl and file \proc\sys\net\core\somaxconn. Default: 200
2022-10-10 00:05:03.231 DEBUG  -io.netty.channel.DefaultChannelId.<clinit>(DefaultChannelId.java:101) io.netty.channel.DefaultChannelId - -Dio.netty.machineId: a4:97:b1:ff:fe:72:e4:f5 (auto-detected)
2022-10-10 00:05:03.501 DEBUG  -io.netty.buffer.AbstractByteBuf.<clinit>(AbstractByteBuf.java:63) io.netty.buffer.AbstractByteBuf - -Dio.netty.buffer.checkAccessible: true
2022-10-10 00:05:03.502 DEBUG  -io.netty.buffer.AbstractByteBuf.<clinit>(AbstractByteBuf.java:64) io.netty.buffer.AbstractByteBuf - -Dio.netty.buffer.checkBounds: true
2022-10-10 00:05:03.503 DEBUG  -io.netty.util.ResourceLeakDetectorFactory$DefaultResourceLeakDetectorFactory.newResourceLeakDetector(ResourceLeakDetectorFactory.java:196) io.netty.util.ResourceLeakDetectorFactory - Loaded default ResourceLeakDetector: io.netty.util.ResourceLeakDetector@6ebe3481
2022-10-10 00:05:03.577 DEBUG  -io.netty.util.Recycler.<clinit>(Recycler.java:85) io.netty.util.Recycler - -Dio.netty.recycler.maxCapacityPerThread: 4096
2022-10-10 00:05:03.580 DEBUG  -io.netty.util.Recycler.<clinit>(Recycler.java:86) io.netty.util.Recycler - -Dio.netty.recycler.ratio: 8
2022-10-10 00:05:03.580 DEBUG  -io.netty.util.Recycler.<clinit>(Recycler.java:87) io.netty.util.Recycler - -Dio.netty.recycler.chunkSize: 32
2022-10-10 00:05:03.581 DEBUG  -io.netty.util.Recycler.<clinit>(Recycler.java:88) io.netty.util.Recycler - -Dio.netty.recycler.blocking: false
2022-10-10 00:05:04.637 DEBUG  -io.netty.handler.codec.compression.Brotli.<clinit>(Brotli.java:38) io.netty.handler.codec.compression.Brotli - brotli4j not in the classpath; Brotli support will be unavailable.
2022-10-10 00:05:05.207 DEBUG  -io.netty.util.internal.ThreadLocalRandom.newSeed(ThreadLocalRandom.java:214) io.netty.util.internal.ThreadLocalRandom - -Dio.netty.initialSeedUniquifier: 0x1edb1bd4fdfbe32b
2022-10-10 00:05:05.414 INFO   -com.challenge.config.ConfigPage.setup(ConfigPage.java:33) com.challenge.config.ConfigPage - Setup Chrome OK
2022-10-10 00:05:07.059 INFO   -com.challenge.process.SignUpProcess.visitWebPage(SignUpProcess.java:28) com.challenge.process.SignUpProcess - Url Ok: https://www.demoblaze.com/index.html
2022-10-10 00:05:08.620 INFO   -com.challenge.process.SignUpProcess.fillData(SignUpProcess.java:40) com.challenge.process.SignUpProcess - Data filled OK
2022-10-10 00:05:11.698 INFO   -com.challenge.process.SignUpProcess.isSignUp(SignUpProcess.java:51) com.challenge.process.SignUpProcess - SignUp OK
2022-10-10 00:05:14.899 INFO   -com.challenge.config.ConfigPage.setup(ConfigPage.java:33) com.challenge.config.ConfigPage - Setup Chrome OK
2022-10-10 00:05:16.426 INFO   -com.challenge.process.SignUpProcess.visitWebPage(SignUpProcess.java:28) com.challenge.process.SignUpProcess - Url Ok: https://www.demoblaze.com/index.html
2022-10-10 00:05:17.717 INFO   -com.challenge.process.LoginProcess.fillData(LoginProcess.java:40) com.challenge.process.LoginProcess - Data filled OK
2022-10-10 00:05:20.794 INFO   -com.challenge.process.LoginProcess.isLogged(LoginProcess.java:46) com.challenge.process.LoginProcess - Login OK
2022-10-10 00:05:24.145 INFO   -com.challenge.config.ConfigPage.setup(ConfigPage.java:33) com.challenge.config.ConfigPage - Setup Chrome OK
2022-10-10 00:05:25.533 INFO   -com.challenge.process.SignUpProcess.visitWebPage(SignUpProcess.java:28) com.challenge.process.SignUpProcess - Url Ok: https://www.demoblaze.com/index.html
2022-10-10 00:05:26.826 INFO   -com.challenge.process.LoginProcess.fillData(LoginProcess.java:40) com.challenge.process.LoginProcess - Data filled OK
2022-10-10 00:05:29.892 INFO   -com.challenge.process.LoginProcess.isLogged(LoginProcess.java:46) com.challenge.process.LoginProcess - Login OK
2022-10-10 00:05:30.800 INFO   -com.challenge.process.LogoutProcess.isLogout(LogoutProcess.java:39) com.challenge.process.LogoutProcess - Logout Ok
2022-10-10 00:05:36.345 INFO   -com.challenge.config.ConfigPage.setup(ConfigPage.java:33) com.challenge.config.ConfigPage - Setup Chrome OK
2022-10-10 00:05:37.893 INFO   -com.challenge.process.SignUpProcess.visitWebPage(SignUpProcess.java:28) com.challenge.process.SignUpProcess - Url Ok: https://www.demoblaze.com/index.html
2022-10-10 00:05:48.047 INFO   -com.challenge.process.AddLaptopProcess.isAddedToCart(AddLaptopProcess.java:44) com.challenge.process.AddLaptopProcess - Product was added to cart
2022-10-10 00:05:50.420 INFO   -com.challenge.config.ConfigPage.setup(ConfigPage.java:33) com.challenge.config.ConfigPage - Setup Chrome OK
2022-10-10 00:05:52.317 INFO   -com.challenge.process.SignUpProcess.visitWebPage(SignUpProcess.java:28) com.challenge.process.SignUpProcess - Url Ok: https://www.demoblaze.com/index.html
2022-10-10 00:06:02.271 INFO   -com.challenge.process.AddLaptopProcess.isAddedToCart(AddLaptopProcess.java:44) com.challenge.process.AddLaptopProcess - Product was added to cart
2022-10-10 00:06:05.330 INFO   -com.challenge.process.CheckCartProcess.isPresent(CheckCartProcess.java:40) com.challenge.process.CheckCartProcess - Check Cart OK
